{"/home/travis/build/npmtest/node-npmtest-react-semantic-ui/test.js":{"path":"/home/travis/build/npmtest/node-npmtest-react-semantic-ui/test.js","s":{"1":2,"2":2,"3":2,"4":2,"5":2,"6":2,"7":2,"8":1,"9":2,"10":2,"11":1,"12":1,"13":1,"14":1,"15":2,"16":2,"17":2,"18":2,"19":1,"20":1,"21":2,"22":2,"23":2,"24":1,"25":1,"26":1,"27":1,"28":1,"29":1,"30":1,"31":1,"32":1,"33":1,"34":1,"35":1,"36":1,"37":1,"38":1,"39":2,"40":2,"41":1,"42":2,"43":2,"44":1,"45":2,"46":2,"47":1,"48":2,"49":2,"50":1,"51":1,"52":1,"53":1,"54":1},"b":{"1":[2,1,1,1],"2":[1,1,1,1],"3":[1,1],"4":[1,1],"5":[1,1],"6":[1,1],"7":[1,1],"8":[1,1],"9":[1,1],"10":[1,1,1],"11":[1,1],"12":[1,1],"13":[1,1],"14":[1,1],"15":[1,1],"16":[1,1],"17":[1,1]},"f":{"1":2,"2":2,"3":2,"4":2,"5":2,"6":1,"7":1,"8":1,"9":2,"10":2,"11":2,"12":2,"13":1},"fnMap":{"1":{"name":"(anonymous_1)","line":12,"loc":{"start":{"line":12,"column":1},"end":{"line":12,"column":13}}},"2":{"name":"(anonymous_2)","line":19,"loc":{"start":{"line":19,"column":5},"end":{"line":19,"column":17}}},"3":{"name":"(anonymous_3)","line":23,"loc":{"start":{"line":23,"column":24},"end":{"line":23,"column":36}}},"4":{"name":"(anonymous_4)","line":61,"loc":{"start":{"line":61,"column":5},"end":{"line":61,"column":17}}},"5":{"name":"(anonymous_5)","line":82,"loc":{"start":{"line":82,"column":5},"end":{"line":82,"column":17}}},"6":{"name":"(anonymous_6)","line":91,"loc":{"start":{"line":91,"column":77},"end":{"line":94,"column":10}}},"7":{"name":"(anonymous_7)","line":112,"loc":{"start":{"line":112,"column":83},"end":{"line":115,"column":10}},"skip":true},"8":{"name":"(anonymous_8)","line":123,"loc":{"start":{"line":123,"column":77},"end":{"line":126,"column":10}},"skip":true},"9":{"name":"(anonymous_9)","line":139,"loc":{"start":{"line":139,"column":12},"end":{"line":139,"column":40}},"skip":true},"10":{"name":"(anonymous_10)","line":147,"loc":{"start":{"line":147,"column":77},"end":{"line":150,"column":10}},"skip":true},"11":{"name":"(anonymous_11)","line":158,"loc":{"start":{"line":158,"column":83},"end":{"line":161,"column":10}},"skip":true},"12":{"name":"(anonymous_12)","line":169,"loc":{"start":{"line":169,"column":79},"end":{"line":172,"column":10}},"skip":true},"13":{"name":"(anonymous_13)","line":180,"loc":{"start":{"line":180,"column":75},"end":{"line":183,"column":10}},"skip":true}},"statementMap":{"1":{"start":{"line":12,"column":0},"end":{"line":195,"column":5}},"2":{"start":{"line":14,"column":4},"end":{"line":14,"column":14}},"3":{"start":{"line":19,"column":4},"end":{"line":56,"column":9}},"4":{"start":{"line":21,"column":8},"end":{"line":21,"column":19}},"5":{"start":{"line":23,"column":8},"end":{"line":35,"column":13}},"6":{"start":{"line":24,"column":12},"end":{"line":34,"column":13}},"7":{"start":{"line":25,"column":16},"end":{"line":28,"column":30}},"8":{"start":{"line":30,"column":16},"end":{"line":33,"column":27}},"9":{"start":{"line":37,"column":8},"end":{"line":39,"column":21}},"10":{"start":{"line":40,"column":8},"end":{"line":53,"column":9}},"11":{"start":{"line":43,"column":12},"end":{"line":46,"column":14}},"12":{"start":{"line":47,"column":12},"end":{"line":47,"column":18}},"13":{"start":{"line":50,"column":12},"end":{"line":51,"column":33}},"14":{"start":{"line":52,"column":12},"end":{"line":52,"column":18}},"15":{"start":{"line":55,"column":8},"end":{"line":55,"column":35}},"16":{"start":{"line":61,"column":4},"end":{"line":63,"column":9}},"17":{"start":{"line":62,"column":8},"end":{"line":62,"column":15}},"18":{"start":{"line":64,"column":4},"end":{"line":77,"column":5}},"19":{"start":{"line":70,"column":8},"end":{"line":70,"column":14}},"20":{"start":{"line":76,"column":8},"end":{"line":76,"column":14}},"21":{"start":{"line":82,"column":4},"end":{"line":84,"column":9}},"22":{"start":{"line":83,"column":8},"end":{"line":83,"column":15}},"23":{"start":{"line":85,"column":4},"end":{"line":194,"column":5}},"24":{"start":{"line":91,"column":8},"end":{"line":99,"column":10}},"25":{"start":{"line":98,"column":12},"end":{"line":98,"column":35}},"26":{"start":{"line":102,"column":8},"end":{"line":104,"column":63}},"27":{"start":{"line":105,"column":8},"end":{"line":105,"column":14}},"28":{"start":{"line":112,"column":8},"end":{"line":121,"column":10},"skip":true},"29":{"start":{"line":119,"column":12},"end":{"line":119,"column":55},"skip":true},"30":{"start":{"line":120,"column":12},"end":{"line":120,"column":48},"skip":true},"31":{"start":{"line":123,"column":8},"end":{"line":136,"column":10},"skip":true},"32":{"start":{"line":130,"column":12},"end":{"line":130,"column":76},"skip":true},"33":{"start":{"line":131,"column":12},"end":{"line":131,"column":73},"skip":true},"34":{"start":{"line":132,"column":12},"end":{"line":132,"column":74},"skip":true},"35":{"start":{"line":133,"column":12},"end":{"line":133,"column":79},"skip":true},"36":{"start":{"line":134,"column":12},"end":{"line":134,"column":25},"skip":true},"37":{"start":{"line":135,"column":12},"end":{"line":135,"column":45},"skip":true},"38":{"start":{"line":138,"column":8},"end":{"line":145,"column":14},"skip":true},"39":{"start":{"line":143,"column":16},"end":{"line":143,"column":29},"skip":true},"40":{"start":{"line":144,"column":16},"end":{"line":144,"column":55},"skip":true},"41":{"start":{"line":147,"column":8},"end":{"line":156,"column":10},"skip":true},"42":{"start":{"line":154,"column":12},"end":{"line":154,"column":25},"skip":true},"43":{"start":{"line":155,"column":12},"end":{"line":155,"column":45},"skip":true},"44":{"start":{"line":158,"column":8},"end":{"line":167,"column":10},"skip":true},"45":{"start":{"line":165,"column":12},"end":{"line":165,"column":25},"skip":true},"46":{"start":{"line":166,"column":12},"end":{"line":166,"column":48},"skip":true},"47":{"start":{"line":169,"column":8},"end":{"line":178,"column":10},"skip":true},"48":{"start":{"line":176,"column":12},"end":{"line":176,"column":25},"skip":true},"49":{"start":{"line":177,"column":12},"end":{"line":177,"column":46},"skip":true},"50":{"start":{"line":180,"column":8},"end":{"line":189,"column":10},"skip":true},"51":{"start":{"line":187,"column":12},"end":{"line":187,"column":94},"skip":true},"52":{"start":{"line":188,"column":12},"end":{"line":188,"column":48},"skip":true},"53":{"start":{"line":192,"column":8},"end":{"line":192,"column":35},"skip":true},"54":{"start":{"line":193,"column":8},"end":{"line":193,"column":14},"skip":true}},"branchMap":{"1":{"line":25,"type":"binary-expr","locations":[{"start":{"line":25,"column":23},"end":{"line":25,"column":62}},{"start":{"line":26,"column":20},"end":{"line":26,"column":70}},{"start":{"line":27,"column":20},"end":{"line":27,"column":71}},{"start":{"line":28,"column":20},"end":{"line":28,"column":29}}]},"2":{"line":30,"type":"binary-expr","locations":[{"start":{"line":30,"column":23},"end":{"line":30,"column":37}},{"start":{"line":31,"column":20},"end":{"line":31,"column":61}},{"start":{"line":32,"column":20},"end":{"line":32,"column":70}},{"start":{"line":33,"column":20},"end":{"line":33,"column":26}}]},"3":{"line":37,"type":"cond-expr","locations":[{"start":{"line":38,"column":14},"end":{"line":38,"column":20}},{"start":{"line":39,"column":14},"end":{"line":39,"column":20}}]},"4":{"line":40,"type":"switch","locations":[{"start":{"line":42,"column":8},"end":{"line":47,"column":18}},{"start":{"line":49,"column":8},"end":{"line":52,"column":18}}]},"5":{"line":44,"type":"binary-expr","locations":[{"start":{"line":44,"column":16},"end":{"line":44,"column":44}},{"start":{"line":44,"column":48},"end":{"line":44,"column":66}}]},"6":{"line":50,"type":"binary-expr","locations":[{"start":{"line":50,"column":21},"end":{"line":50,"column":49}},{"start":{"line":50,"column":53},"end":{"line":50,"column":72}}]},"7":{"line":64,"type":"switch","locations":[{"start":{"line":69,"column":4},"end":{"line":70,"column":14}},{"start":{"line":75,"column":4},"end":{"line":76,"column":14}}]},"8":{"line":85,"type":"switch","locations":[{"start":{"line":90,"column":4},"end":{"line":105,"column":14}},{"start":{"line":111,"column":4},"end":{"line":193,"column":14},"skip":true}]},"9":{"line":91,"type":"binary-expr","locations":[{"start":{"line":91,"column":42},"end":{"line":91,"column":73}},{"start":{"line":91,"column":77},"end":{"line":99,"column":9}}]},"10":{"line":102,"type":"binary-expr","locations":[{"start":{"line":102,"column":18},"end":{"line":102,"column":32}},{"start":{"line":103,"column":12},"end":{"line":103,"column":53}},{"start":{"line":104,"column":12},"end":{"line":104,"column":61}}]},"11":{"line":112,"type":"binary-expr","locations":[{"start":{"line":112,"column":45},"end":{"line":112,"column":79},"skip":true},{"start":{"line":112,"column":83},"end":{"line":121,"column":9},"skip":true}]},"12":{"line":123,"type":"binary-expr","locations":[{"start":{"line":123,"column":42},"end":{"line":123,"column":73},"skip":true},{"start":{"line":123,"column":77},"end":{"line":136,"column":9},"skip":true}]},"13":{"line":138,"type":"binary-expr","locations":[{"start":{"line":138,"column":48},"end":{"line":138,"column":85},"skip":true},{"start":{"line":139,"column":12},"end":{"line":145,"column":13},"skip":true}]},"14":{"line":147,"type":"binary-expr","locations":[{"start":{"line":147,"column":42},"end":{"line":147,"column":73},"skip":true},{"start":{"line":147,"column":77},"end":{"line":156,"column":9},"skip":true}]},"15":{"line":158,"type":"binary-expr","locations":[{"start":{"line":158,"column":45},"end":{"line":158,"column":79},"skip":true},{"start":{"line":158,"column":83},"end":{"line":167,"column":9},"skip":true}]},"16":{"line":169,"type":"binary-expr","locations":[{"start":{"line":169,"column":43},"end":{"line":169,"column":75},"skip":true},{"start":{"line":169,"column":79},"end":{"line":178,"column":9},"skip":true}]},"17":{"line":180,"type":"binary-expr","locations":[{"start":{"line":180,"column":41},"end":{"line":180,"column":71},"skip":true},{"start":{"line":180,"column":75},"end":{"line":189,"column":9},"skip":true}]}},"code":["/* istanbul instrument in package npmtest_react_semantic_ui */","/*jslint","    bitwise: true,","    browser: true,","    maxerr: 8,","    maxlen: 96,","    node: true,","    nomen: true,","    regexp: true,","    stupid: true","*/","(function () {","    'use strict';","    var local;","","","","    // run shared js-env code - init-before","    (function () {","        // init local","        local = {};","        // init modeJs","        local.modeJs = (function () {","            try {","                return typeof navigator.userAgent === 'string' &&","                    typeof document.querySelector('body') === 'object' &&","                    typeof XMLHttpRequest.prototype.open === 'function' &&","                    'browser';","            } catch (errorCaughtBrowser) {","                return module.exports &&","                    typeof process.versions.node === 'string' &&","                    typeof require('http').createServer === 'function' &&","                    'node';","            }","        }());","        // init global","        local.global = local.modeJs === 'browser'","            ? window","            : global;","        switch (local.modeJs) {","        // re-init local from window.local","        case 'browser':","            local = local.global.utility2.objectSetDefault(","                local.global.utility2_rollup || local.global.local,","                local.global.utility2","            );","            break;","        // re-init local from example.js","        case 'node':","            local = (local.global.utility2_rollup || require('utility2'))","                .requireReadme();","            break;","        }","        // export local","        local.global.local = local;","    }());","","","","    // run shared js-env code - function","    (function () {","        return;","    }());","    switch (local.modeJs) {","","","","    // run browser js-env code - function","    case 'browser':","        break;","","","","    // run node js-env code - function","    case 'node':","        break;","    }","","","","    // run shared js-env code - init-after","    (function () {","        return;","    }());","    switch (local.modeJs) {","","","","    // run browser js-env code - init-after","    case 'browser':","        local.testCase_browser_nullCase = local.testCase_browser_nullCase || function (","            options,","            onError","        ) {","        /*","         * this function will test browsers's null-case handling-behavior-behavior","         */","            onError(null, options);","        };","","        // run tests","        local.nop(local.modeTest &&","            document.querySelector('#testRunButton1') &&","            document.querySelector('#testRunButton1').click());","        break;","","","","    // run node js-env code - init-after","    /* istanbul ignore next */","    case 'node':","        local.testCase_buildApidoc_default = local.testCase_buildApidoc_default || function (","            options,","            onError","        ) {","        /*","         * this function will test buildApidoc's default handling-behavior-behavior","         */","            options = { modulePathList: module.paths };","            local.buildApidoc(options, onError);","        };","","        local.testCase_buildApp_default = local.testCase_buildApp_default || function (","            options,","            onError","        ) {","        /*","         * this function will test buildApp's default handling-behavior-behavior","         */","            local.testCase_buildReadme_default(options, local.onErrorThrow);","            local.testCase_buildLib_default(options, local.onErrorThrow);","            local.testCase_buildTest_default(options, local.onErrorThrow);","            local.testCase_buildCustomOrg_default(options, local.onErrorThrow);","            options = [];","            local.buildApp(options, onError);","        };","","        local.testCase_buildCustomOrg_default = local.testCase_buildCustomOrg_default ||","            function (options, onError) {","            /*","             * this function will test buildCustomOrg's default handling-behavior","             */","                options = {};","                local.buildCustomOrg(options, onError);","            };","","        local.testCase_buildLib_default = local.testCase_buildLib_default || function (","            options,","            onError","        ) {","        /*","         * this function will test buildLib's default handling-behavior","         */","            options = {};","            local.buildLib(options, onError);","        };","","        local.testCase_buildReadme_default = local.testCase_buildReadme_default || function (","            options,","            onError","        ) {","        /*","         * this function will test buildReadme's default handling-behavior-behavior","         */","            options = {};","            local.buildReadme(options, onError);","        };","","        local.testCase_buildTest_default = local.testCase_buildTest_default || function (","            options,","            onError","        ) {","        /*","         * this function will test buildTest's default handling-behavior","         */","            options = {};","            local.buildTest(options, onError);","        };","","        local.testCase_webpage_default = local.testCase_webpage_default || function (","            options,","            onError","        ) {","        /*","         * this function will test webpage's default handling-behavior","         */","            options = { modeCoverageMerge: true, url: local.serverLocalHost + '?modeTest=1' };","            local.browserTest(options, onError);","        };","","        // run test-server","        local.testRunServer(local);","        break;","    }","}());",""],"l":{"12":2,"14":2,"19":2,"21":2,"23":2,"24":2,"25":2,"30":1,"37":2,"40":2,"43":1,"47":1,"50":1,"52":1,"55":2,"61":2,"62":2,"64":2,"70":1,"76":1,"82":2,"83":2,"85":2,"91":1,"98":1,"102":1,"105":1,"112":1,"119":1,"120":1,"123":1,"130":1,"131":1,"132":1,"133":1,"134":1,"135":1,"138":1,"143":2,"144":2,"147":1,"154":2,"155":2,"158":1,"165":2,"166":2,"169":1,"176":2,"177":2,"180":1,"187":1,"188":1,"192":1,"193":1}},"/home/travis/build/npmtest/node-npmtest-react-semantic-ui/lib.npmtest_react_semantic_ui.js":{"path":"/home/travis/build/npmtest/node-npmtest-react-semantic-ui/lib.npmtest_react_semantic_ui.js","s":{"1":2,"2":2,"3":2,"4":2,"5":2,"6":2,"7":2,"8":1,"9":2,"10":2,"11":2,"12":2,"13":1,"14":1,"15":1,"16":1},"b":{"1":[2,1,1,1],"2":[1,1,1,1],"3":[1,1],"4":[2,2],"5":[1,1]},"f":{"1":2,"2":2,"3":2},"fnMap":{"1":{"name":"(anonymous_1)","line":12,"loc":{"start":{"line":12,"column":1},"end":{"line":12,"column":13}}},"2":{"name":"(anonymous_2)","line":19,"loc":{"start":{"line":19,"column":5},"end":{"line":19,"column":17}}},"3":{"name":"(anonymous_3)","line":23,"loc":{"start":{"line":23,"column":24},"end":{"line":23,"column":36}}}},"statementMap":{"1":{"start":{"line":12,"column":0},"end":{"line":53,"column":5}},"2":{"start":{"line":14,"column":4},"end":{"line":14,"column":14}},"3":{"start":{"line":19,"column":4},"end":{"line":52,"column":9}},"4":{"start":{"line":21,"column":8},"end":{"line":21,"column":19}},"5":{"start":{"line":23,"column":8},"end":{"line":35,"column":13}},"6":{"start":{"line":24,"column":12},"end":{"line":34,"column":13}},"7":{"start":{"line":25,"column":16},"end":{"line":28,"column":30}},"8":{"start":{"line":30,"column":16},"end":{"line":33,"column":27}},"9":{"start":{"line":37,"column":8},"end":{"line":39,"column":21}},"10":{"start":{"line":41,"column":8},"end":{"line":41,"column":54}},"11":{"start":{"line":43,"column":8},"end":{"line":43,"column":62}},"12":{"start":{"line":45,"column":8},"end":{"line":51,"column":9}},"13":{"start":{"line":46,"column":12},"end":{"line":46,"column":68}},"14":{"start":{"line":48,"column":12},"end":{"line":48,"column":35}},"15":{"start":{"line":49,"column":12},"end":{"line":49,"column":49}},"16":{"start":{"line":50,"column":12},"end":{"line":50,"column":43}}},"branchMap":{"1":{"line":25,"type":"binary-expr","locations":[{"start":{"line":25,"column":23},"end":{"line":25,"column":62}},{"start":{"line":26,"column":20},"end":{"line":26,"column":70}},{"start":{"line":27,"column":20},"end":{"line":27,"column":71}},{"start":{"line":28,"column":20},"end":{"line":28,"column":29}}]},"2":{"line":30,"type":"binary-expr","locations":[{"start":{"line":30,"column":23},"end":{"line":30,"column":37}},{"start":{"line":31,"column":20},"end":{"line":31,"column":61}},{"start":{"line":32,"column":20},"end":{"line":32,"column":70}},{"start":{"line":33,"column":20},"end":{"line":33,"column":26}}]},"3":{"line":37,"type":"cond-expr","locations":[{"start":{"line":38,"column":14},"end":{"line":38,"column":20}},{"start":{"line":39,"column":14},"end":{"line":39,"column":20}}]},"4":{"line":41,"type":"binary-expr","locations":[{"start":{"line":41,"column":16},"end":{"line":41,"column":44}},{"start":{"line":41,"column":48},"end":{"line":41,"column":53}}]},"5":{"line":45,"type":"if","locations":[{"start":{"line":45,"column":8},"end":{"line":45,"column":8}},{"start":{"line":45,"column":8},"end":{"line":45,"column":8}}]}},"code":["/* istanbul instrument in package npmtest_react_semantic_ui */","/*jslint","    bitwise: true,","    browser: true,","    maxerr: 8,","    maxlen: 96,","    node: true,","    nomen: true,","    regexp: true,","    stupid: true","*/","(function () {","    'use strict';","    var local;","","","","    // run shared js-env code - init-before","    (function () {","        // init local","        local = {};","        // init modeJs","        local.modeJs = (function () {","            try {","                return typeof navigator.userAgent === 'string' &&","                    typeof document.querySelector('body') === 'object' &&","                    typeof XMLHttpRequest.prototype.open === 'function' &&","                    'browser';","            } catch (errorCaughtBrowser) {","                return module.exports &&","                    typeof process.versions.node === 'string' &&","                    typeof require('http').createServer === 'function' &&","                    'node';","            }","        }());","        // init global","        local.global = local.modeJs === 'browser'","            ? window","            : global;","        // init utility2_rollup","        local = local.global.utility2_rollup || local;","        // init lib","        local.local = local.npmtest_react_semantic_ui = local;","        // init exports","        if (local.modeJs === 'browser') {","            local.global.utility2_npmtest_react_semantic_ui = local;","        } else {","            module.exports = local;","            module.exports.__dirname = __dirname;","            module.exports.module = module;","        }","    }());","}());",""],"l":{"12":2,"14":2,"19":2,"21":2,"23":2,"24":2,"25":2,"30":1,"37":2,"41":2,"43":2,"45":2,"46":1,"48":1,"49":1,"50":1}},"/home/travis/build/npmtest/node-npmtest-react-semantic-ui/example.js":{"path":"/home/travis/build/npmtest/node-npmtest-react-semantic-ui/example.js","s":{"1":2,"2":2,"3":2,"4":2,"5":2,"6":2,"7":2,"8":1,"9":2,"10":2,"11":2,"12":2,"13":1,"14":2,"15":2,"16":2,"17":2,"18":2,"19":0,"20":2,"21":1,"22":1,"23":1,"24":1,"25":1,"26":0,"27":0,"28":1,"29":1,"30":2,"31":0,"32":0,"33":0,"34":1,"35":2,"36":2,"37":3,"38":3,"39":3,"40":3,"41":0,"42":3,"43":3,"44":3,"45":1,"46":3,"47":1,"48":1,"49":1,"50":1,"51":1,"52":1,"53":1,"54":1,"55":1,"56":1,"57":0,"58":1,"59":6,"60":6,"61":1,"62":2,"63":0,"64":2,"65":1,"66":1,"67":0,"68":0,"69":0,"70":0,"71":0,"72":0,"73":0,"74":0,"75":0,"76":0,"77":0,"78":0,"79":0,"80":0,"81":0,"82":0,"83":0},"b":{"1":[2,1,1,1],"2":[1,1,1,1],"3":[1,1],"4":[2,2],"5":[1,1],"6":[1,1],"7":[2,0],"8":[2,1,1,1,1,1],"9":[0,2,0],"10":[1,1],"11":[2,1,1],"12":[1,0],"13":[0,2],"14":[2,0,0,0,0,0,0],"15":[0,3],"16":[3,0],"17":[1,1],"18":[0,1],"19":[1,2,0,2],"20":[1,0],"21":[1,1],"22":[0,0],"23":[0,0],"24":[0,0],"25":[0,0],"26":[0,0],"27":[0,0],"28":[0,0]},"f":{"1":2,"2":2,"3":2,"4":2,"5":2,"6":2,"7":3,"8":3,"9":3,"10":1,"11":6,"12":0},"fnMap":{"1":{"name":"(anonymous_1)","line":26,"loc":{"start":{"line":26,"column":1},"end":{"line":26,"column":13}}},"2":{"name":"(anonymous_2)","line":33,"loc":{"start":{"line":33,"column":5},"end":{"line":33,"column":17}}},"3":{"name":"(anonymous_3)","line":37,"loc":{"start":{"line":37,"column":24},"end":{"line":37,"column":36}}},"4":{"name":"(anonymous_4)","line":69,"loc":{"start":{"line":69,"column":31},"end":{"line":69,"column":48}},"skip":true},"5":{"name":"(anonymous_5)","line":78,"loc":{"start":{"line":78,"column":26},"end":{"line":78,"column":45}},"skip":true},"6":{"name":"(anonymous_6)","line":123,"loc":{"start":{"line":123,"column":33},"end":{"line":123,"column":48}},"skip":true},"7":{"name":"(anonymous_7)","line":125,"loc":{"start":{"line":125,"column":27},"end":{"line":125,"column":39}},"skip":true},"8":{"name":"(anonymous_8)","line":133,"loc":{"start":{"line":133,"column":59},"end":{"line":133,"column":74}},"skip":true},"9":{"name":"(anonymous_9)","line":143,"loc":{"start":{"line":143,"column":45},"end":{"line":143,"column":62}},"skip":true},"10":{"name":"(anonymous_10)","line":144,"loc":{"start":{"line":144,"column":73},"end":{"line":144,"column":92}},"skip":true},"11":{"name":"(anonymous_11)","line":272,"loc":{"start":{"line":272,"column":51},"end":{"line":272,"column":77}},"skip":true},"12":{"name":"(anonymous_12)","line":315,"loc":{"start":{"line":315,"column":32},"end":{"line":315,"column":61}},"skip":true}},"statementMap":{"1":{"start":{"line":26,"column":0},"end":{"line":326,"column":5}},"2":{"start":{"line":28,"column":4},"end":{"line":28,"column":14}},"3":{"start":{"line":33,"column":4},"end":{"line":60,"column":9}},"4":{"start":{"line":35,"column":8},"end":{"line":35,"column":19}},"5":{"start":{"line":37,"column":8},"end":{"line":49,"column":13}},"6":{"start":{"line":38,"column":12},"end":{"line":48,"column":13}},"7":{"start":{"line":39,"column":16},"end":{"line":42,"column":30}},"8":{"start":{"line":44,"column":16},"end":{"line":47,"column":27}},"9":{"start":{"line":51,"column":8},"end":{"line":53,"column":21}},"10":{"start":{"line":55,"column":8},"end":{"line":57,"column":45}},"11":{"start":{"line":59,"column":8},"end":{"line":59,"column":35}},"12":{"start":{"line":61,"column":4},"end":{"line":325,"column":5}},"13":{"start":{"line":69,"column":8},"end":{"line":121,"column":10},"skip":true},"14":{"start":{"line":70,"column":12},"end":{"line":88,"column":13},"skip":true},"15":{"start":{"line":76,"column":16},"end":{"line":87,"column":19},"skip":true},"16":{"start":{"line":79,"column":20},"end":{"line":86,"column":21},"skip":true},"17":{"start":{"line":82,"column":24},"end":{"line":82,"column":43},"skip":true},"18":{"start":{"line":83,"column":24},"end":{"line":83,"column":30},"skip":true},"19":{"start":{"line":85,"column":24},"end":{"line":85,"column":49},"skip":true},"20":{"start":{"line":89,"column":12},"end":{"line":107,"column":13},"skip":true},"21":{"start":{"line":92,"column":16},"end":{"line":102,"column":17},"skip":true},"22":{"start":{"line":93,"column":20},"end":{"line":93,"column":86},"skip":true},"23":{"start":{"line":94,"column":20},"end":{"line":95,"column":45},"skip":true},"24":{"start":{"line":96,"column":20},"end":{"line":96,"column":42},"skip":true},"25":{"start":{"line":97,"column":20},"end":{"line":97,"column":48},"skip":true},"26":{"start":{"line":100,"column":20},"end":{"line":100,"column":85},"skip":true},"27":{"start":{"line":101,"column":20},"end":{"line":101,"column":96},"skip":true},"28":{"start":{"line":103,"column":16},"end":{"line":103,"column":22},"skip":true},"29":{"start":{"line":106,"column":16},"end":{"line":106,"column":22},"skip":true},"30":{"start":{"line":108,"column":12},"end":{"line":120,"column":13},"skip":true},"31":{"start":{"line":114,"column":16},"end":{"line":119,"column":17},"skip":true},"32":{"start":{"line":116,"column":20},"end":{"line":116,"column":78},"skip":true},"33":{"start":{"line":118,"column":20},"end":{"line":118,"column":47},"skip":true},"34":{"start":{"line":123,"column":8},"end":{"line":141,"column":11},"skip":true},"35":{"start":{"line":124,"column":12},"end":{"line":124,"column":54},"skip":true},"36":{"start":{"line":125,"column":12},"end":{"line":140,"column":14},"skip":true},"37":{"start":{"line":126,"column":16},"end":{"line":126,"column":28},"skip":true},"38":{"start":{"line":127,"column":16},"end":{"line":127,"column":69},"skip":true},"39":{"start":{"line":128,"column":16},"end":{"line":128,"column":75},"skip":true},"40":{"start":{"line":129,"column":16},"end":{"line":131,"column":17},"skip":true},"41":{"start":{"line":130,"column":20},"end":{"line":130,"column":27},"skip":true},"42":{"start":{"line":133,"column":16},"end":{"line":137,"column":36},"skip":true},"43":{"start":{"line":134,"column":20},"end":{"line":136,"column":55},"skip":true},"44":{"start":{"line":139,"column":16},"end":{"line":139,"column":57},"skip":true},"45":{"start":{"line":143,"column":8},"end":{"line":147,"column":11},"skip":true},"46":{"start":{"line":144,"column":12},"end":{"line":146,"column":15},"skip":true},"47":{"start":{"line":145,"column":16},"end":{"line":145,"column":70},"skip":true},"48":{"start":{"line":149,"column":8},"end":{"line":149,"column":31},"skip":true},"49":{"start":{"line":150,"column":8},"end":{"line":150,"column":14},"skip":true},"50":{"start":{"line":158,"column":8},"end":{"line":158,"column":31},"skip":true},"51":{"start":{"line":160,"column":8},"end":{"line":160,"column":33},"skip":true},"52":{"start":{"line":161,"column":8},"end":{"line":161,"column":37},"skip":true},"53":{"start":{"line":162,"column":8},"end":{"line":162,"column":35},"skip":true},"54":{"start":{"line":164,"column":8},"end":{"line":164,"column":50},"skip":true},"55":{"start":{"line":166,"column":8},"end":{"line":256,"column":2},"skip":true},"56":{"start":{"line":258,"column":8},"end":{"line":286,"column":9},"skip":true},"57":{"start":{"line":259,"column":12},"end":{"line":269,"column":14},"skip":true},"58":{"start":{"line":271,"column":12},"end":{"line":285,"column":19},"skip":true},"59":{"start":{"line":274,"column":20},"end":{"line":274,"column":35},"skip":true},"60":{"start":{"line":275,"column":20},"end":{"line":284,"column":21},"skip":true},"61":{"start":{"line":277,"column":24},"end":{"line":277,"column":64},"skip":true},"62":{"start":{"line":279,"column":24},"end":{"line":279,"column":40},"skip":true},"63":{"start":{"line":281,"column":24},"end":{"line":281,"column":40},"skip":true},"64":{"start":{"line":283,"column":24},"end":{"line":283,"column":39},"skip":true},"65":{"start":{"line":288,"column":8},"end":{"line":290,"column":9},"skip":true},"66":{"start":{"line":289,"column":12},"end":{"line":289,"column":18},"skip":true},"67":{"start":{"line":291,"column":8},"end":{"line":293,"column":54},"skip":true},"68":{"start":{"line":296,"column":8},"end":{"line":301,"column":37},"skip":true},"69":{"start":{"line":303,"column":8},"end":{"line":303,"column":82},"skip":true},"70":{"start":{"line":306,"column":8},"end":{"line":308,"column":9},"skip":true},"71":{"start":{"line":307,"column":12},"end":{"line":307,"column":82},"skip":true},"72":{"start":{"line":310,"column":8},"end":{"line":312,"column":9},"skip":true},"73":{"start":{"line":311,"column":12},"end":{"line":311,"column":18},"skip":true},"74":{"start":{"line":313,"column":8},"end":{"line":313,"column":54},"skip":true},"75":{"start":{"line":314,"column":8},"end":{"line":314,"column":69},"skip":true},"76":{"start":{"line":315,"column":8},"end":{"line":323,"column":36},"skip":true},"77":{"start":{"line":316,"column":12},"end":{"line":316,"column":61},"skip":true},"78":{"start":{"line":317,"column":12},"end":{"line":320,"column":13},"skip":true},"79":{"start":{"line":318,"column":16},"end":{"line":318,"column":75},"skip":true},"80":{"start":{"line":319,"column":16},"end":{"line":319,"column":23},"skip":true},"81":{"start":{"line":321,"column":12},"end":{"line":321,"column":38},"skip":true},"82":{"start":{"line":322,"column":12},"end":{"line":322,"column":27},"skip":true},"83":{"start":{"line":324,"column":8},"end":{"line":324,"column":14},"skip":true}},"branchMap":{"1":{"line":39,"type":"binary-expr","locations":[{"start":{"line":39,"column":23},"end":{"line":39,"column":62}},{"start":{"line":40,"column":20},"end":{"line":40,"column":70}},{"start":{"line":41,"column":20},"end":{"line":41,"column":71}},{"start":{"line":42,"column":20},"end":{"line":42,"column":29}}]},"2":{"line":44,"type":"binary-expr","locations":[{"start":{"line":44,"column":23},"end":{"line":44,"column":37}},{"start":{"line":45,"column":20},"end":{"line":45,"column":61}},{"start":{"line":46,"column":20},"end":{"line":46,"column":70}},{"start":{"line":47,"column":20},"end":{"line":47,"column":26}}]},"3":{"line":51,"type":"cond-expr","locations":[{"start":{"line":52,"column":14},"end":{"line":52,"column":20}},{"start":{"line":53,"column":14},"end":{"line":53,"column":20}}]},"4":{"line":55,"type":"binary-expr","locations":[{"start":{"line":55,"column":16},"end":{"line":55,"column":44}},{"start":{"line":55,"column":49},"end":{"line":57,"column":43}}]},"5":{"line":55,"type":"cond-expr","locations":[{"start":{"line":56,"column":14},"end":{"line":56,"column":61}},{"start":{"line":57,"column":14},"end":{"line":57,"column":43}}]},"6":{"line":61,"type":"switch","locations":[{"start":{"line":68,"column":4},"end":{"line":150,"column":14},"skip":true},{"start":{"line":156,"column":4},"end":{"line":324,"column":14},"skip":true}]},"7":{"line":70,"type":"if","locations":[{"start":{"line":70,"column":12},"end":{"line":70,"column":12},"skip":true},{"start":{"line":70,"column":12},"end":{"line":70,"column":12},"skip":true}]},"8":{"line":70,"type":"binary-expr","locations":[{"start":{"line":70,"column":16},"end":{"line":70,"column":22},"skip":true},{"start":{"line":70,"column":27},"end":{"line":70,"column":32},"skip":true},{"start":{"line":71,"column":20},"end":{"line":71,"column":39},"skip":true},{"start":{"line":72,"column":20},"end":{"line":72,"column":49},"skip":true},{"start":{"line":73,"column":20},"end":{"line":73,"column":58},"skip":true},{"start":{"line":74,"column":20},"end":{"line":74,"column":69},"skip":true}]},"9":{"line":79,"type":"switch","locations":[{"start":{"line":80,"column":20},"end":{"line":80,"column":33},"skip":true},{"start":{"line":81,"column":20},"end":{"line":83,"column":30},"skip":true},{"start":{"line":84,"column":20},"end":{"line":85,"column":49},"skip":true}]},"10":{"line":89,"type":"switch","locations":[{"start":{"line":90,"column":12},"end":{"line":103,"column":22},"skip":true},{"start":{"line":105,"column":12},"end":{"line":106,"column":22},"skip":true}]},"11":{"line":89,"type":"binary-expr","locations":[{"start":{"line":89,"column":20},"end":{"line":89,"column":25},"skip":true},{"start":{"line":89,"column":29},"end":{"line":89,"column":48},"skip":true},{"start":{"line":89,"column":52},"end":{"line":89,"column":74},"skip":true}]},"12":{"line":92,"type":"if","locations":[{"start":{"line":92,"column":16},"end":{"line":92,"column":16},"skip":true},{"start":{"line":92,"column":16},"end":{"line":92,"column":16},"skip":true}]},"13":{"line":108,"type":"if","locations":[{"start":{"line":108,"column":12},"end":{"line":108,"column":12},"skip":true},{"start":{"line":108,"column":12},"end":{"line":108,"column":12},"skip":true}]},"14":{"line":108,"type":"binary-expr","locations":[{"start":{"line":108,"column":16},"end":{"line":108,"column":61},"skip":true},{"start":{"line":108,"column":66},"end":{"line":108,"column":72},"skip":true},{"start":{"line":108,"column":77},"end":{"line":108,"column":82},"skip":true},{"start":{"line":109,"column":20},"end":{"line":109,"column":39},"skip":true},{"start":{"line":110,"column":20},"end":{"line":110,"column":49},"skip":true},{"start":{"line":111,"column":20},"end":{"line":111,"column":58},"skip":true},{"start":{"line":112,"column":20},"end":{"line":112,"column":68},"skip":true}]},"15":{"line":129,"type":"if","locations":[{"start":{"line":129,"column":16},"end":{"line":129,"column":16},"skip":true},{"start":{"line":129,"column":16},"end":{"line":129,"column":16},"skip":true}]},"16":{"line":134,"type":"cond-expr","locations":[{"start":{"line":135,"column":26},"end":{"line":135,"column":29},"skip":true},{"start":{"line":136,"column":26},"end":{"line":136,"column":54},"skip":true}]},"17":{"line":164,"type":"binary-expr","locations":[{"start":{"line":164,"column":27},"end":{"line":164,"column":43},"skip":true},{"start":{"line":164,"column":47},"end":{"line":164,"column":49},"skip":true}]},"18":{"line":258,"type":"if","locations":[{"start":{"line":258,"column":8},"end":{"line":258,"column":8},"skip":true},{"start":{"line":258,"column":8},"end":{"line":258,"column":8},"skip":true}]},"19":{"line":275,"type":"switch","locations":[{"start":{"line":276,"column":20},"end":{"line":277,"column":64},"skip":true},{"start":{"line":278,"column":20},"end":{"line":279,"column":40},"skip":true},{"start":{"line":280,"column":20},"end":{"line":281,"column":40},"skip":true},{"start":{"line":282,"column":20},"end":{"line":283,"column":39},"skip":true}]},"20":{"line":288,"type":"if","locations":[{"start":{"line":288,"column":8},"end":{"line":288,"column":8},"skip":true},{"start":{"line":288,"column":8},"end":{"line":288,"column":8},"skip":true}]},"21":{"line":288,"type":"binary-expr","locations":[{"start":{"line":288,"column":12},"end":{"line":288,"column":40},"skip":true},{"start":{"line":288,"column":44},"end":{"line":288,"column":67},"skip":true}]},"22":{"line":292,"type":"binary-expr","locations":[{"start":{"line":292,"column":12},"end":{"line":292,"column":50},"skip":true},{"start":{"line":293,"column":12},"end":{"line":293,"column":53},"skip":true}]},"23":{"line":297,"type":"binary-expr","locations":[{"start":{"line":297,"column":12},"end":{"line":297,"column":75},"skip":true},{"start":{"line":298,"column":12},"end":{"line":301,"column":36},"skip":true}]},"24":{"line":303,"type":"binary-expr","locations":[{"start":{"line":303,"column":43},"end":{"line":303,"column":75},"skip":true},{"start":{"line":303,"column":79},"end":{"line":303,"column":81},"skip":true}]},"25":{"line":306,"type":"if","locations":[{"start":{"line":306,"column":8},"end":{"line":306,"column":8},"skip":true},{"start":{"line":306,"column":8},"end":{"line":306,"column":8},"skip":true}]},"26":{"line":310,"type":"if","locations":[{"start":{"line":310,"column":8},"end":{"line":310,"column":8},"skip":true},{"start":{"line":310,"column":8},"end":{"line":310,"column":8},"skip":true}]},"27":{"line":313,"type":"binary-expr","locations":[{"start":{"line":313,"column":27},"end":{"line":313,"column":43},"skip":true},{"start":{"line":313,"column":47},"end":{"line":313,"column":53},"skip":true}]},"28":{"line":317,"type":"if","locations":[{"start":{"line":317,"column":12},"end":{"line":317,"column":12},"skip":true},{"start":{"line":317,"column":12},"end":{"line":317,"column":12},"skip":true}]}},"code":["/*","example.js","","quickstart example","","instruction","    1. save this script as example.js","    2. run the shell command:","        $ npm install npmtest-react-semantic-ui && PORT=8081 node example.js","    3. play with the browser-demo on http://127.0.0.1:8081","*/","","","","/* istanbul instrument in package npmtest_react_semantic_ui */","/*jslint","    bitwise: true,","    browser: true,","    maxerr: 8,","    maxlen: 96,","    node: true,","    nomen: true,","    regexp: true,","    stupid: true","*/","(function () {","    'use strict';","    var local;","","","","    // run shared js-env code - init-before","    (function () {","        // init local","        local = {};","        // init modeJs","        local.modeJs = (function () {","            try {","                return typeof navigator.userAgent === 'string' &&","                    typeof document.querySelector('body') === 'object' &&","                    typeof XMLHttpRequest.prototype.open === 'function' &&","                    'browser';","            } catch (errorCaughtBrowser) {","                return module.exports &&","                    typeof process.versions.node === 'string' &&","                    typeof require('http').createServer === 'function' &&","                    'node';","            }","        }());","        // init global","        local.global = local.modeJs === 'browser'","            ? window","            : global;","        // init utility2_rollup","        local = local.global.utility2_rollup || (local.modeJs === 'browser'","            ? local.global.utility2_npmtest_react_semantic_ui","            : global.utility2_moduleExports);","        // export local","        local.global.local = local;","    }());","    switch (local.modeJs) {","","","","    // init-after","    // run browser js-env code - init-after","    /* istanbul ignore next */","    case 'browser':","        local.testRunBrowser = function (event) {","            if (!event || (event &&","                    event.currentTarget &&","                    event.currentTarget.className &&","                    event.currentTarget.className.includes &&","                    event.currentTarget.className.includes('onreset'))) {","                // reset output","                Array.from(","                    document.querySelectorAll('body > .resettable')","                ).forEach(function (element) {","                    switch (element.tagName) {","                    case 'INPUT':","                    case 'TEXTAREA':","                        element.value = '';","                        break;","                    default:","                        element.textContent = '';","                    }","                });","            }","            switch (event && event.currentTarget && event.currentTarget.id) {","            case 'testRunButton1':","                // show tests","                if (document.querySelector('#testReportDiv1').style.display === 'none') {","                    document.querySelector('#testReportDiv1').style.display = 'block';","                    document.querySelector('#testRunButton1').textContent =","                        'hide internal test';","                    local.modeTest = true;","                    local.testRunDefault(local);","                // hide tests","                } else {","                    document.querySelector('#testReportDiv1').style.display = 'none';","                    document.querySelector('#testRunButton1').textContent = 'run internal test';","                }","                break;","            // custom-case","            default:","                break;","            }","            if (document.querySelector('#inputTextareaEval1') && (!event || (event &&","                    event.currentTarget &&","                    event.currentTarget.className &&","                    event.currentTarget.className.includes &&","                    event.currentTarget.className.includes('oneval')))) {","                // try to eval input-code","                try {","                    /*jslint evil: true*/","                    eval(document.querySelector('#inputTextareaEval1').value);","                } catch (errorCaught) {","                    console.error(errorCaught);","                }","            }","        };","        // log stderr and stdout to #outputTextareaStdout1","        ['error', 'log'].forEach(function (key) {","            console[key + '_original'] = console[key];","            console[key] = function () {","                var element;","                console[key + '_original'].apply(console, arguments);","                element = document.querySelector('#outputTextareaStdout1');","                if (!element) {","                    return;","                }","                // append text to #outputTextareaStdout1","                element.value += Array.from(arguments).map(function (arg) {","                    return typeof arg === 'string'","                        ? arg","                        : JSON.stringify(arg, null, 4);","                }).join(' ') + '\\n';","                // scroll textarea to bottom","                element.scrollTop = element.scrollHeight;","            };","        });","        // init event-handling","        ['change', 'click', 'keyup'].forEach(function (event) {","            Array.from(document.querySelectorAll('.on' + event)).forEach(function (element) {","                element.addEventListener(event, local.testRunBrowser);","            });","        });","        // run tests","        local.testRunBrowser();","        break;","","","","    // run node js-env code - init-after","    /* istanbul ignore next */","    case 'node':","        // export local","        module.exports = local;","        // require modules","        local.fs = require('fs');","        local.http = require('http');","        local.url = require('url');","        // init assets","        local.assetsDict = local.assetsDict || {};","        /* jslint-ignore-begin */","        local.assetsDict['/assets.index.template.html'] = '\\","<!doctype html>\\n\\","<html lang=\"en\">\\n\\","<head>\\n\\","<meta charset=\"UTF-8\">\\n\\","<meta name=\"viewport\" content=\"width=device-width, initial-scale=1\">\\n\\","<title>{{env.npm_package_name}} (v{{env.npm_package_version}})</title>\\n\\","<style>\\n\\","/*csslint\\n\\","    box-sizing: false,\\n\\","    universal-selector: false\\n\\","*/\\n\\","* {\\n\\","    box-sizing: border-box;\\n\\","}\\n\\","body {\\n\\","    background: #dde;\\n\\","    font-family: Arial, Helvetica, sans-serif;\\n\\","    margin: 2rem;\\n\\","}\\n\\","body > * {\\n\\","    margin-bottom: 1rem;\\n\\","}\\n\\",".utility2FooterDiv {\\n\\","    margin-top: 20px;\\n\\","    text-align: center;\\n\\","}\\n\\","</style>\\n\\","<style>\\n\\","/*csslint\\n\\","*/\\n\\","textarea {\\n\\","    font-family: monospace;\\n\\","    height: 10rem;\\n\\","    width: 100%;\\n\\","}\\n\\","textarea[readonly] {\\n\\","    background: #ddd;\\n\\","}\\n\\","</style>\\n\\","</head>\\n\\","<body>\\n\\","<!-- utility2-comment\\n\\","<div id=\"ajaxProgressDiv1\" style=\"background: #d00; height: 2px; left: 0; margin: 0; padding: 0; position: fixed; top: 0; transition: background 0.5s, width 1.5s; width: 25%;\"></div>\\n\\","utility2-comment -->\\n\\","<h1>\\n\\","<!-- utility2-comment\\n\\","    <a\\n\\","        {{#if env.npm_package_homepage}}\\n\\","        href=\"{{env.npm_package_homepage}}\"\\n\\","        {{/if env.npm_package_homepage}}\\n\\","        target=\"_blank\"\\n\\","    >\\n\\","utility2-comment -->\\n\\","        {{env.npm_package_name}} (v{{env.npm_package_version}})\\n\\","<!-- utility2-comment\\n\\","    </a>\\n\\","utility2-comment -->\\n\\","</h1>\\n\\","<h3>{{env.npm_package_description}}</h3>\\n\\","<!-- utility2-comment\\n\\","<h4><a download href=\"assets.app.js\">download standalone app</a></h4>\\n\\","<button class=\"onclick onreset\" id=\"testRunButton1\">run internal test</button><br>\\n\\","<div id=\"testReportDiv1\" style=\"display: none;\"></div>\\n\\","utility2-comment -->\\n\\","\\n\\","\\n\\","\\n\\","<label>stderr and stdout</label>\\n\\","<textarea class=\"resettable\" id=\"outputTextareaStdout1\" readonly></textarea>\\n\\","<!-- utility2-comment\\n\\","{{#if isRollup}}\\n\\","<script src=\"assets.app.js\"></script>\\n\\","{{#unless isRollup}}\\n\\","utility2-comment -->\\n\\","<script src=\"assets.utility2.rollup.js\"></script>\\n\\","<script src=\"jsonp.utility2._stateInit?callback=window.utility2._stateInit\"></script>\\n\\","<script src=\"assets.npmtest_react_semantic_ui.rollup.js\"></script>\\n\\","<script src=\"assets.example.js\"></script>\\n\\","<script src=\"assets.test.js\"></script>\\n\\","<!-- utility2-comment\\n\\","{{/if isRollup}}\\n\\","utility2-comment -->\\n\\","<div class=\"utility2FooterDiv\">\\n\\","    [ this app was created with\\n\\","    <a href=\"https://github.com/kaizhu256/node-utility2\" target=\"_blank\">utility2</a>\\n\\","    ]\\n\\","</div>\\n\\","</body>\\n\\","</html>\\n\\","';","        /* jslint-ignore-end */","        if (local.templateRender) {","            local.assetsDict['/'] = local.templateRender(","                local.assetsDict['/assets.index.template.html'],","                {","                    env: local.objectSetDefault(local.env, {","                        npm_package_description: 'the greatest app in the world!',","                        npm_package_name: 'my-app',","                        npm_package_nameAlias: 'my_app',","                        npm_package_version: '0.0.1'","                    })","                }","            );","        } else {","            local.assetsDict['/'] = local.assetsDict['/assets.index.template.html']","                .replace((/\\{\\{env\\.(\\w+?)\\}\\}/g), function (match0, match1) {","                    // jslint-hack","                    String(match0);","                    switch (match1) {","                    case 'npm_package_description':","                        return 'the greatest app in the world!';","                    case 'npm_package_name':","                        return 'my-app';","                    case 'npm_package_nameAlias':","                        return 'my_app';","                    case 'npm_package_version':","                        return '0.0.1';","                    }","                });","        }","        // run the cli","        if (local.global.utility2_rollup || module !== require.main) {","            break;","        }","        local.assetsDict['/assets.example.js'] =","            local.assetsDict['/assets.example.js'] ||","            local.fs.readFileSync(__filename, 'utf8');","        // bug-workaround - long $npm_package_buildCustomOrg","        /* jslint-ignore-begin */","        local.assetsDict['/assets.npmtest_react_semantic_ui.rollup.js'] =","            local.assetsDict['/assets.npmtest_react_semantic_ui.rollup.js'] ||","            local.fs.readFileSync(","                local.npmtest_react_semantic_ui.__dirname + '/lib.npmtest_react_semantic_ui.js',","                'utf8'","            ).replace((/^#!/), '//');","        /* jslint-ignore-end */","        local.assetsDict['/favicon.ico'] = local.assetsDict['/favicon.ico'] || '';","        // if $npm_config_timeout_exit exists,","        // then exit this process after $npm_config_timeout_exit ms","        if (Number(process.env.npm_config_timeout_exit)) {","            setTimeout(process.exit, Number(process.env.npm_config_timeout_exit));","        }","        // start server","        if (local.global.utility2_serverHttp1) {","            break;","        }","        process.env.PORT = process.env.PORT || '8081';","        console.error('server starting on port ' + process.env.PORT);","        local.http.createServer(function (request, response) {","            request.urlParsed = local.url.parse(request.url);","            if (local.assetsDict[request.urlParsed.pathname] !== undefined) {","                response.end(local.assetsDict[request.urlParsed.pathname]);","                return;","            }","            response.statusCode = 404;","            response.end();","        }).listen(process.env.PORT);","        break;","    }","}());",""],"l":{"26":2,"28":2,"33":2,"35":2,"37":2,"38":2,"39":2,"44":1,"51":2,"55":2,"59":2,"61":2,"69":1,"70":2,"76":2,"79":2,"82":2,"83":2,"85":1,"89":2,"92":1,"93":1,"94":1,"96":1,"97":1,"100":1,"101":1,"103":1,"106":1,"108":2,"114":1,"116":1,"118":1,"123":1,"124":2,"125":2,"126":3,"127":3,"128":3,"129":3,"130":1,"133":3,"134":3,"139":3,"143":1,"144":3,"145":1,"149":1,"150":1,"158":1,"160":1,"161":1,"162":1,"164":1,"166":1,"258":1,"259":1,"271":1,"274":6,"275":6,"277":1,"279":2,"281":1,"283":2,"288":1,"289":1,"291":1,"296":1,"303":1,"306":1,"307":1,"310":1,"311":1,"313":1,"314":1,"315":1,"316":1,"317":1,"318":1,"319":1,"321":1,"322":1,"324":1}},"/home/travis/build/npmtest/node-npmtest-react-semantic-ui/node_modules/react-semantic-ui/index.js":{"path":"/home/travis/build/npmtest/node-npmtest-react-semantic-ui/node_modules/react-semantic-ui/index.js","s":{"1":1,"2":0,"3":0,"4":1,"5":0,"6":1},"b":{"1":[0,1]},"f":{"1":0},"fnMap":{"1":{"name":"lib","line":1,"loc":{"start":{"line":1,"column":0},"end":{"line":1,"column":20}}}},"statementMap":{"1":{"start":{"line":1,"column":0},"end":{"line":9,"column":1}},"2":{"start":{"line":2,"column":2},"end":{"line":3,"column":50}},"3":{"start":{"line":4,"column":2},"end":{"line":8,"column":4}},"4":{"start":{"line":11,"column":0},"end":{"line":15,"column":1}},"5":{"start":{"line":12,"column":2},"end":{"line":12,"column":34}},"6":{"start":{"line":14,"column":2},"end":{"line":14,"column":23}}},"branchMap":{"1":{"line":11,"type":"if","locations":[{"start":{"line":11,"column":0},"end":{"line":11,"column":0}},{"start":{"line":11,"column":0},"end":{"line":11,"column":0}}]}},"code":["function lib(React) {","  var common = require('./lib/common')(React),","      form = require('./lib/form')(React, common);","  return {","    form: form,","    input: require('./lib/input')(React, form, common),","    layout: require('./lib/layout')(React, common)","  };","}","","if (global.React) {","  global.rsui = lib(global.React);","} else {","  module.exports = lib;","}"],"l":{"1":1,"2":0,"4":0,"11":1,"12":0,"14":1}},"/home/travis/build/npmtest/node-npmtest-react-semantic-ui/node_modules/react-semantic-ui/gulpfile.js":{"path":"/home/travis/build/npmtest/node-npmtest-react-semantic-ui/node_modules/react-semantic-ui/gulpfile.js","s":{"1":2,"2":0,"3":0,"4":0,"5":1,"6":0,"7":0,"8":0,"9":0,"10":0,"11":0,"12":0,"13":0,"14":0,"15":0,"16":0,"17":0,"18":0,"19":0,"20":0,"21":0,"22":0,"23":1,"24":0,"25":1,"26":0,"27":0,"28":0,"29":0,"30":0,"31":0,"32":0,"33":0,"34":0,"35":0,"36":0,"37":0,"38":0,"39":0,"40":0,"41":0,"42":0,"43":0,"44":1,"45":0,"46":0,"47":0,"48":0,"49":0,"50":0,"51":0},"b":{"1":[0,0],"2":[0,0],"3":[0,0],"4":[0,0],"5":[0,0],"6":[0,0]},"f":{"1":0,"2":0,"3":0,"4":0,"5":0,"6":0,"7":0,"8":0,"9":0},"fnMap":{"1":{"name":"build","line":21,"loc":{"start":{"line":21,"column":0},"end":{"line":21,"column":17}}},"2":{"name":"(anonymous_2)","line":35,"loc":{"start":{"line":35,"column":19},"end":{"line":35,"column":30}}},"3":{"name":"(anonymous_3)","line":39,"loc":{"start":{"line":39,"column":18},"end":{"line":39,"column":29}}},"4":{"name":"(anonymous_4)","line":45,"loc":{"start":{"line":45,"column":19},"end":{"line":45,"column":30}}},"5":{"name":"(anonymous_5)","line":50,"loc":{"start":{"line":50,"column":23},"end":{"line":50,"column":47}}},"6":{"name":"(anonymous_6)","line":52,"loc":{"start":{"line":52,"column":29},"end":{"line":52,"column":48}}},"7":{"name":"scanForDocs","line":73,"loc":{"start":{"line":73,"column":0},"end":{"line":73,"column":33}}},"8":{"name":"reset","line":79,"loc":{"start":{"line":79,"column":2},"end":{"line":79,"column":19}}},"9":{"name":"createDocs","line":112,"loc":{"start":{"line":112,"column":0},"end":{"line":112,"column":26}}}},"statementMap":{"1":{"start":{"line":1,"column":0},"end":{"line":9,"column":27}},"2":{"start":{"line":11,"column":0},"end":{"line":16,"column":53}},"3":{"start":{"line":18,"column":0},"end":{"line":18,"column":77}},"4":{"start":{"line":19,"column":0},"end":{"line":19,"column":83}},"5":{"start":{"line":21,"column":0},"end":{"line":33,"column":1}},"6":{"start":{"line":22,"column":2},"end":{"line":32,"column":29}},"7":{"start":{"line":35,"column":0},"end":{"line":37,"column":3}},"8":{"start":{"line":36,"column":2},"end":{"line":36,"column":10}},"9":{"start":{"line":39,"column":0},"end":{"line":43,"column":3}},"10":{"start":{"line":40,"column":2},"end":{"line":42,"column":31}},"11":{"start":{"line":45,"column":0},"end":{"line":47,"column":3}},"12":{"start":{"line":46,"column":2},"end":{"line":46,"column":15}},"13":{"start":{"line":50,"column":0},"end":{"line":71,"column":3}},"14":{"start":{"line":51,"column":2},"end":{"line":51,"column":18}},"15":{"start":{"line":52,"column":2},"end":{"line":70,"column":5}},"16":{"start":{"line":53,"column":4},"end":{"line":68,"column":5}},"17":{"start":{"line":54,"column":6},"end":{"line":56,"column":52}},"18":{"start":{"line":57,"column":6},"end":{"line":67,"column":7}},"19":{"start":{"line":58,"column":8},"end":{"line":58,"column":91}},"20":{"start":{"line":60,"column":8},"end":{"line":65,"column":10}},"21":{"start":{"line":66,"column":8},"end":{"line":66,"column":25}},"22":{"start":{"line":69,"column":4},"end":{"line":69,"column":9}},"23":{"start":{"line":73,"column":0},"end":{"line":110,"column":1}},"24":{"start":{"line":74,"column":2},"end":{"line":77,"column":19}},"25":{"start":{"line":79,"column":2},"end":{"line":85,"column":3}},"26":{"start":{"line":80,"column":4},"end":{"line":82,"column":5}},"27":{"start":{"line":81,"column":6},"end":{"line":81,"column":42}},"28":{"start":{"line":83,"column":4},"end":{"line":83,"column":29}},"29":{"start":{"line":84,"column":4},"end":{"line":84,"column":28}},"30":{"start":{"line":87,"column":2},"end":{"line":106,"column":3}},"31":{"start":{"line":88,"column":4},"end":{"line":88,"column":24}},"32":{"start":{"line":89,"column":4},"end":{"line":105,"column":5}},"33":{"start":{"line":90,"column":6},"end":{"line":92,"column":7}},"34":{"start":{"line":91,"column":8},"end":{"line":91,"column":58}},"35":{"start":{"line":94,"column":6},"end":{"line":104,"column":7}},"36":{"start":{"line":95,"column":8},"end":{"line":95,"column":16}},"37":{"start":{"line":97,"column":8},"end":{"line":97,"column":46}},"38":{"start":{"line":98,"column":8},"end":{"line":98,"column":43}},"39":{"start":{"line":99,"column":8},"end":{"line":103,"column":9}},"40":{"start":{"line":100,"column":10},"end":{"line":100,"column":29}},"41":{"start":{"line":102,"column":10},"end":{"line":102,"column":39}},"42":{"start":{"line":108,"column":2},"end":{"line":108,"column":10}},"43":{"start":{"line":109,"column":2},"end":{"line":109,"column":26}},"44":{"start":{"line":112,"column":0},"end":{"line":122,"column":1}},"45":{"start":{"line":113,"column":2},"end":{"line":120,"column":3}},"46":{"start":{"line":114,"column":4},"end":{"line":115,"column":28}},"47":{"start":{"line":116,"column":4},"end":{"line":116,"column":71}},"48":{"start":{"line":116,"column":49},"end":{"line":116,"column":71}},"49":{"start":{"line":118,"column":4},"end":{"line":118,"column":64}},"50":{"start":{"line":119,"column":4},"end":{"line":119,"column":26}},"51":{"start":{"line":121,"column":2},"end":{"line":121,"column":14}}},"branchMap":{"1":{"line":53,"type":"if","locations":[{"start":{"line":53,"column":4},"end":{"line":53,"column":4}},{"start":{"line":53,"column":4},"end":{"line":53,"column":4}}]},"2":{"line":80,"type":"if","locations":[{"start":{"line":80,"column":4},"end":{"line":80,"column":4}},{"start":{"line":80,"column":4},"end":{"line":80,"column":4}}]},"3":{"line":89,"type":"if","locations":[{"start":{"line":89,"column":4},"end":{"line":89,"column":4}},{"start":{"line":89,"column":4},"end":{"line":89,"column":4}}]},"4":{"line":90,"type":"if","locations":[{"start":{"line":90,"column":6},"end":{"line":90,"column":6}},{"start":{"line":90,"column":6},"end":{"line":90,"column":6}}]},"5":{"line":94,"type":"if","locations":[{"start":{"line":94,"column":6},"end":{"line":94,"column":6}},{"start":{"line":94,"column":6},"end":{"line":94,"column":6}}]},"6":{"line":99,"type":"if","locations":[{"start":{"line":99,"column":8},"end":{"line":99,"column":8}},{"start":{"line":99,"column":8},"end":{"line":99,"column":8}}]}},"code":["var header = require('gulp-header'),","    through = require('through2'),","    gutil = require('gulp-util'),","    browserify = require('gulp-browserify'),","    rename = require('gulp-rename'),","    uglify = require('gulp-uglify'),","    gulp = require('gulp'),","    fs = require('fs'),","    path = require('path');","","var packageInfo = JSON.parse(fs.readFileSync('./package.json', {encoding: 'utf-8'})),","    name = packageInfo.name,","    version = packageInfo.version,","    headerContent = fs.readFileSync('./_header.txt', {encoding: 'utf8'}),","    headerMinContent = fs.readFileSync('./_header.min.txt', {encoding: 'utf8'}),","    versionMatcher = new RegExp(name + ' v[0-9\\.]+');","","headerContent = headerContent.replace(versionMatcher, name + ' v' + version);","headerMinContent = headerMinContent.replace(versionMatcher, name + ' v' + version);","","function build() {","  var pipeline = gulp.src('./index.js')","      .pipe(browserify({","        transform: ['reactify']","      }))","      .pipe(rename('react-semantic-ui.js'))","      .pipe(header(headerContent))","      .pipe(gulp.dest('./'))  ","      .pipe(uglify())","      .pipe(rename('react-semantic-ui.min.js'))","      .pipe(header(headerMinContent))","      .pipe(gulp.dest('./'));","}","","gulp.task('build', function() {","  build();","});","","gulp.task('docs', function() {","  gulp.src('./lib/*.js')","    .pipe(docs)","    .pipe(gulp.dest('./docs'));","});","","gulp.task('debug', function() {","  _watch(true);","});","","","var docs = through.obj(function(file, enc, cb) {","  var self = this;","  scanForDocs(file.contents, function(contents) {","    if (contents) {","      var index = file.path.indexOf('/lib'),","          base = file.path.substring(0, index),","          relative = file.path.substring(index + 4);","      for (var name in contents) {","        var _relative = relative.substr(0, relative.lastIndexOf(\".\")) + \"/\" + name + \".md\";"," ","        var _file = new gutil.File({","          cwd: file.cwd,","          base: file.base,","          path: path.join('docs', _relative),","          contents: new Buffer(contents[name])","        })","        self.push(_file);","      }","    }","    cb();","  });","});","","function scanForDocs(buffer, cb) {","  var lines = buffer.toString('utf8').split('\\n'),","      currentTitle,","      currentData,","      allDocs = {};","","  function reset() {","    if (currentTitle) {","      allDocs[currentTitle] = currentData;","    }","    currentTitle = undefined;","    currentData = undefined;","  }","","  for (var i=0; i<lines.length; i++) {","    var line = lines[i];","    if (!currentTitle) {","      if (line.indexOf('/***') >= 0) {","        currentTitle = line.replace(/^\\s*\\/\\*\\*\\* /g, '');","      }","    } else {","      if (line.indexOf('***/') >= 0) {","        reset();","      } else {","        line = line.replace(/^\\s*\\*\\s*$/, '');","        line = line.replace(/^\\s*\\* /, '');","        if (!currentData) {","          currentData = line;","        } else {","          currentData += ('\\n' + line);","        }","      }","    }","  }","","  reset();","  cb(createDocs(allDocs));","}","","function createDocs(data) {","  for (var title in data) {","    var body = data[title],","        titleUnderline = '';","    while (titleUnderline.length < title.length) titleUnderline += '=';","","    var content = title + '\\n' + titleUnderline + '\\n\\n' + body;","    data[title] = content;","  }","  return data;","}","",""],"l":{"1":2,"11":0,"18":0,"19":0,"21":1,"22":0,"35":0,"36":0,"39":0,"40":0,"45":0,"46":0,"50":0,"51":0,"52":0,"53":0,"54":0,"57":0,"58":0,"60":0,"66":0,"69":0,"73":1,"74":0,"79":1,"80":0,"81":0,"83":0,"84":0,"87":0,"88":0,"89":0,"90":0,"91":0,"94":0,"95":0,"97":0,"98":0,"99":0,"100":0,"102":0,"108":0,"109":0,"112":1,"113":0,"114":0,"116":0,"118":0,"119":0,"121":0}},"/home/travis/build/npmtest/node-npmtest-react-semantic-ui/node_modules/react-semantic-ui/react-semantic-ui.js":{"path":"/home/travis/build/npmtest/node-npmtest-react-semantic-ui/node_modules/react-semantic-ui/react-semantic-ui.js","s":{"1":1,"2":1,"3":1,"4":1,"5":0,"6":0,"7":0,"8":0,"9":0,"10":0,"11":1,"12":1,"13":0,"14":0,"15":1,"16":1,"17":1,"18":1,"19":1,"20":1,"21":1,"22":0,"23":0,"24":1,"25":0,"26":1,"27":0,"28":0,"29":0,"30":0,"31":0,"32":0,"33":0,"34":0,"35":0,"36":0,"37":0,"38":0,"39":0,"40":0,"41":0,"42":0,"43":0,"44":0,"45":0,"46":0,"47":0,"48":0,"49":0,"50":0,"51":0,"52":0,"53":0,"54":0,"55":0,"56":0,"57":0,"58":0,"59":0,"60":0,"61":0,"62":0,"63":0,"64":0,"65":0,"66":0,"67":1,"68":0,"69":0,"70":0,"71":0,"72":0,"73":0,"74":0,"75":0,"76":0,"77":0,"78":0,"79":0,"80":0,"81":0,"82":0,"83":0,"84":0,"85":0,"86":0,"87":0,"88":0,"89":0,"90":0,"91":0,"92":0,"93":0,"94":0,"95":0,"96":0,"97":0,"98":0,"99":0,"100":0,"101":0,"102":0,"103":0,"104":0,"105":0,"106":0,"107":0,"108":0,"109":0,"110":0,"111":0,"112":0,"113":0,"114":0,"115":0,"116":0,"117":0,"118":0,"119":0,"120":0,"121":0,"122":0,"123":0,"124":0,"125":0,"126":0,"127":0,"128":0,"129":0,"130":0,"131":0,"132":0,"133":0,"134":0,"135":0,"136":0,"137":0,"138":0,"139":0,"140":0,"141":0,"142":0,"143":0,"144":0,"145":0,"146":0,"147":0,"148":0,"149":0,"150":0,"151":0,"152":0,"153":0,"154":0,"155":1,"156":0,"157":0,"158":0,"159":0,"160":0,"161":0,"162":0,"163":0,"164":0,"165":0,"166":0,"167":0,"168":0,"169":0,"170":0,"171":0,"172":0,"173":0,"174":0,"175":0,"176":0,"177":0,"178":0,"179":0,"180":0,"181":0,"182":0,"183":0,"184":0,"185":0,"186":0,"187":0,"188":0,"189":0,"190":0,"191":0,"192":0,"193":0,"194":0,"195":0,"196":0,"197":0,"198":0,"199":0,"200":0,"201":0,"202":0,"203":0,"204":0,"205":0,"206":0,"207":0,"208":0,"209":0,"210":0,"211":0,"212":0,"213":0,"214":0,"215":0,"216":0,"217":0,"218":0,"219":0,"220":0,"221":0,"222":0,"223":0,"224":0,"225":0,"226":0,"227":0,"228":0,"229":0,"230":0,"231":0,"232":0,"233":0,"234":0,"235":0,"236":0,"237":0,"238":0,"239":0,"240":0,"241":0,"242":0,"243":0,"244":0,"245":0,"246":0,"247":0,"248":0,"249":0,"250":0,"251":0,"252":0,"253":0,"254":0,"255":0,"256":0,"257":0,"258":0,"259":0,"260":0,"261":0,"262":0,"263":0,"264":0,"265":0,"266":0,"267":0,"268":0,"269":0,"270":0,"271":0,"272":0,"273":0,"274":0,"275":0,"276":0,"277":0,"278":0,"279":0,"280":0,"281":0,"282":0,"283":0,"284":0,"285":0,"286":0,"287":0,"288":0,"289":0,"290":0,"291":0,"292":0,"293":0,"294":0,"295":0,"296":0,"297":0,"298":0,"299":0,"300":0,"301":0,"302":0,"303":0,"304":0,"305":0,"306":0,"307":0,"308":0,"309":0,"310":0,"311":0,"312":0,"313":0,"314":0,"315":0,"316":0,"317":0,"318":0,"319":0,"320":0,"321":0,"322":0,"323":0,"324":0,"325":0,"326":0,"327":0,"328":0,"329":0,"330":0,"331":0,"332":0,"333":0,"334":0,"335":0,"336":0,"337":0,"338":0,"339":0,"340":0,"341":0,"342":0,"343":0,"344":0,"345":0,"346":0,"347":0,"348":0,"349":0,"350":0,"351":0,"352":0,"353":0,"354":0,"355":0,"356":0,"357":0,"358":0,"359":0,"360":0,"361":0,"362":0,"363":0,"364":0,"365":0,"366":0,"367":0,"368":0},"b":{"1":[1,0],"2":[0,1],"3":[0,0],"4":[0,0],"5":[0,0],"6":[0,0],"7":[0,0],"8":[1,1],"9":[0,1],"10":[0,1],"11":[0,1],"12":[0,0],"13":[0,0],"14":[0,0],"15":[0,0],"16":[0,0],"17":[0,0],"18":[0,0],"19":[0,0],"20":[0,0],"21":[0,0],"22":[0,0],"23":[0,0],"24":[0,0],"25":[0,0],"26":[0,0],"27":[0,0],"28":[0,0],"29":[0,0],"30":[0,0],"31":[0,0],"32":[0,0],"33":[0,0],"34":[0,0],"35":[0,0],"36":[0,0],"37":[0,0],"38":[0,0],"39":[0,0],"40":[0,0],"41":[0,0],"42":[0,0],"43":[0,0],"44":[0,0],"45":[0,0],"46":[0,0],"47":[0,0],"48":[0,0],"49":[0,0],"50":[0,0],"51":[0,0],"52":[0,0],"53":[0,0],"54":[0,0],"55":[0,0],"56":[0,0],"57":[0,0,0],"58":[0,0],"59":[0,0],"60":[0,0],"61":[0,0],"62":[0,0],"63":[0,0],"64":[0,0],"65":[0,0],"66":[0,0],"67":[0,0,0],"68":[0,0],"69":[0,0],"70":[0,0],"71":[0,0],"72":[0,0],"73":[0,0],"74":[0,0],"75":[0,0],"76":[0,0],"77":[0,0],"78":[0,0],"79":[0,0],"80":[0,0],"81":[0,0],"82":[0,0],"83":[0,0],"84":[0,0],"85":[0,0],"86":[0,0],"87":[0,0],"88":[0,0,0],"89":[0,0],"90":[0,0,0],"91":[0,0],"92":[0,0],"93":[0,0],"94":[0,0],"95":[0,0],"96":[0,0],"97":[0,0],"98":[0,0],"99":[0,0],"100":[0,0],"101":[0,0],"102":[0,0],"103":[0,0],"104":[0,0],"105":[0,0],"106":[0,0],"107":[0,0],"108":[0,0],"109":[0,0],"110":[0,0],"111":[0,0],"112":[0,0],"113":[0,0],"114":[0,0],"115":[0,0],"116":[0,0],"117":[0,0],"118":[0,0],"119":[0,0],"120":[0,0],"121":[0,0],"122":[0,0],"123":[0,0],"124":[0,0],"125":[0,0],"126":[0,0],"127":[0,0],"128":[0,0],"129":[0,0],"130":[0,0],"131":[0,0],"132":[0,0],"133":[0,0],"134":[0,0],"135":[0,0],"136":[0,0],"137":[0,0],"138":[0,0],"139":[0,0],"140":[0,0],"141":[0,0],"142":[0,0],"143":[0,0],"144":[0,0],"145":[0,0],"146":[0,0]},"f":{"1":1,"2":1,"3":0,"4":1,"5":1,"6":0,"7":0,"8":0,"9":0,"10":0,"11":0,"12":0,"13":0,"14":0,"15":0,"16":0,"17":0,"18":0,"19":0,"20":0,"21":0,"22":0,"23":0,"24":0,"25":0,"26":0,"27":0,"28":0,"29":0,"30":0,"31":0,"32":0,"33":0,"34":0,"35":0,"36":0,"37":0,"38":0,"39":0,"40":0,"41":0,"42":0,"43":0,"44":0,"45":0,"46":0,"47":0,"48":0,"49":0,"50":0,"51":0,"52":0,"53":0,"54":0,"55":0,"56":0,"57":0,"58":0,"59":0,"60":0,"61":0,"62":0,"63":0,"64":0,"65":0,"66":0,"67":0,"68":0,"69":0,"70":0,"71":0,"72":0,"73":0,"74":0,"75":0,"76":0,"77":0,"78":0,"79":0,"80":0,"81":0,"82":0,"83":0,"84":0,"85":0},"fnMap":{"1":{"name":"e","line":24,"loc":{"start":{"line":24,"column":1},"end":{"line":24,"column":18}}},"2":{"name":"s","line":24,"loc":{"start":{"line":24,"column":19},"end":{"line":24,"column":34}}},"3":{"name":"(anonymous_3)","line":24,"loc":{"start":{"line":24,"column":234},"end":{"line":24,"column":245}}},"4":{"name":"(anonymous_4)","line":24,"loc":{"start":{"line":24,"column":413},"end":{"line":24,"column":445}}},"5":{"name":"(anonymous_5)","line":25,"loc":{"start":{"line":25,"column":1},"end":{"line":25,"column":18}}},"6":{"name":"lib","line":26,"loc":{"start":{"line":26,"column":0},"end":{"line":26,"column":20}}},"7":{"name":"(anonymous_7)","line":42,"loc":{"start":{"line":42,"column":73},"end":{"line":42,"column":105}}},"8":{"name":"(anonymous_8)","line":46,"loc":{"start":{"line":46,"column":17},"end":{"line":46,"column":33}}},"9":{"name":"(anonymous_9)","line":48,"loc":{"start":{"line":48,"column":14},"end":{"line":48,"column":25}}},"10":{"name":"(anonymous_10)","line":52,"loc":{"start":{"line":52,"column":14},"end":{"line":52,"column":25}}},"11":{"name":"(anonymous_11)","line":66,"loc":{"start":{"line":66,"column":10},"end":{"line":66,"column":31}}},"12":{"name":"(anonymous_12)","line":76,"loc":{"start":{"line":76,"column":21},"end":{"line":76,"column":32}}},"13":{"name":"(anonymous_13)","line":87,"loc":{"start":{"line":87,"column":17},"end":{"line":87,"column":61}}},"14":{"name":"(anonymous_14)","line":88,"loc":{"start":{"line":88,"column":13},"end":{"line":88,"column":29}}},"15":{"name":"(anonymous_15)","line":102,"loc":{"start":{"line":102,"column":12},"end":{"line":102,"column":37}}},"16":{"name":"(anonymous_16)","line":110,"loc":{"start":{"line":110,"column":10},"end":{"line":110,"column":48}}},"17":{"name":"_init","line":123,"loc":{"start":{"line":123,"column":6},"end":{"line":123,"column":23}}},"18":{"name":"(anonymous_18)","line":150,"loc":{"start":{"line":150,"column":9},"end":{"line":150,"column":41}}},"19":{"name":"(anonymous_19)","line":151,"loc":{"start":{"line":151,"column":17},"end":{"line":151,"column":41}}},"20":{"name":"(anonymous_20)","line":154,"loc":{"start":{"line":154,"column":19},"end":{"line":154,"column":45}}},"21":{"name":"(anonymous_21)","line":159,"loc":{"start":{"line":159,"column":15},"end":{"line":159,"column":33}}},"22":{"name":"(anonymous_22)","line":162,"loc":{"start":{"line":162,"column":47},"end":{"line":162,"column":63}}},"23":{"name":"(anonymous_23)","line":169,"loc":{"start":{"line":169,"column":23},"end":{"line":169,"column":41}}},"24":{"name":"(anonymous_24)","line":177,"loc":{"start":{"line":177,"column":19},"end":{"line":177,"column":30}}},"25":{"name":"(anonymous_25)","line":274,"loc":{"start":{"line":274,"column":14},"end":{"line":274,"column":25}}},"26":{"name":"(anonymous_26)","line":311,"loc":{"start":{"line":311,"column":19},"end":{"line":311,"column":30}}},"27":{"name":"(anonymous_27)","line":314,"loc":{"start":{"line":314,"column":25},"end":{"line":314,"column":36}}},"28":{"name":"(anonymous_28)","line":344,"loc":{"start":{"line":344,"column":14},"end":{"line":344,"column":25}}},"29":{"name":"(anonymous_29)","line":374,"loc":{"start":{"line":374,"column":21},"end":{"line":374,"column":39}}},"30":{"name":"(anonymous_30)","line":385,"loc":{"start":{"line":385,"column":9},"end":{"line":385,"column":41}}},"31":{"name":"(anonymous_31)","line":386,"loc":{"start":{"line":386,"column":17},"end":{"line":386,"column":47}}},"32":{"name":"getDefaultValue","line":388,"loc":{"start":{"line":388,"column":2},"end":{"line":388,"column":40}}},"33":{"name":"(anonymous_33)","line":393,"loc":{"start":{"line":393,"column":19},"end":{"line":393,"column":30}}},"34":{"name":"(anonymous_34)","line":396,"loc":{"start":{"line":396,"column":19},"end":{"line":396,"column":35}}},"35":{"name":"(anonymous_35)","line":404,"loc":{"start":{"line":404,"column":22},"end":{"line":404,"column":45}}},"36":{"name":"(anonymous_36)","line":405,"loc":{"start":{"line":405,"column":47},"end":{"line":405,"column":62}}},"37":{"name":"(anonymous_37)","line":452,"loc":{"start":{"line":452,"column":19},"end":{"line":452,"column":35}}},"38":{"name":"(anonymous_38)","line":484,"loc":{"start":{"line":484,"column":19},"end":{"line":484,"column":35}}},"39":{"name":"(anonymous_39)","line":518,"loc":{"start":{"line":518,"column":29},"end":{"line":518,"column":40}}},"40":{"name":"(anonymous_40)","line":521,"loc":{"start":{"line":521,"column":19},"end":{"line":521,"column":35}}},"41":{"name":"(anonymous_41)","line":523,"loc":{"start":{"line":523,"column":76},"end":{"line":523,"column":93}}},"42":{"name":"(anonymous_42)","line":559,"loc":{"start":{"line":559,"column":29},"end":{"line":559,"column":40}}},"43":{"name":"(anonymous_43)","line":562,"loc":{"start":{"line":562,"column":19},"end":{"line":562,"column":35}}},"44":{"name":"(anonymous_44)","line":573,"loc":{"start":{"line":573,"column":19},"end":{"line":573,"column":32}}},"45":{"name":"(anonymous_45)","line":605,"loc":{"start":{"line":605,"column":29},"end":{"line":605,"column":40}}},"46":{"name":"(anonymous_46)","line":608,"loc":{"start":{"line":608,"column":19},"end":{"line":608,"column":35}}},"47":{"name":"(anonymous_47)","line":612,"loc":{"start":{"line":612,"column":69},"end":{"line":612,"column":86}}},"48":{"name":"(anonymous_48)","line":652,"loc":{"start":{"line":652,"column":14},"end":{"line":652,"column":25}}},"49":{"name":"(anonymous_49)","line":655,"loc":{"start":{"line":655,"column":69},"end":{"line":655,"column":86}}},"50":{"name":"(anonymous_50)","line":668,"loc":{"start":{"line":668,"column":25},"end":{"line":668,"column":36}}},"51":{"name":"(anonymous_51)","line":675,"loc":{"start":{"line":675,"column":19},"end":{"line":675,"column":32}}},"52":{"name":"(anonymous_52)","line":684,"loc":{"start":{"line":684,"column":19},"end":{"line":684,"column":32}}},"53":{"name":"(anonymous_53)","line":689,"loc":{"start":{"line":689,"column":21},"end":{"line":689,"column":39}}},"54":{"name":"(anonymous_54)","line":696,"loc":{"start":{"line":696,"column":31},"end":{"line":696,"column":48}}},"55":{"name":"(anonymous_55)","line":704,"loc":{"start":{"line":704,"column":31},"end":{"line":704,"column":48}}},"56":{"name":"(anonymous_56)","line":731,"loc":{"start":{"line":731,"column":9},"end":{"line":731,"column":41}}},"57":{"name":"(anonymous_57)","line":732,"loc":{"start":{"line":732,"column":17},"end":{"line":732,"column":41}}},"58":{"name":"(anonymous_58)","line":734,"loc":{"start":{"line":734,"column":24},"end":{"line":734,"column":35}}},"59":{"name":"(anonymous_59)","line":738,"loc":{"start":{"line":738,"column":20},"end":{"line":738,"column":44}}},"60":{"name":"(anonymous_60)","line":745,"loc":{"start":{"line":745,"column":18},"end":{"line":745,"column":34}}},"61":{"name":"(anonymous_61)","line":749,"loc":{"start":{"line":749,"column":22},"end":{"line":749,"column":40}}},"62":{"name":"(anonymous_62)","line":760,"loc":{"start":{"line":760,"column":14},"end":{"line":760,"column":25}}},"63":{"name":"(anonymous_63)","line":779,"loc":{"start":{"line":779,"column":23},"end":{"line":779,"column":34}}},"64":{"name":"(anonymous_64)","line":784,"loc":{"start":{"line":784,"column":14},"end":{"line":784,"column":25}}},"65":{"name":"(anonymous_65)","line":789,"loc":{"start":{"line":789,"column":39},"end":{"line":789,"column":54}}},"66":{"name":"(anonymous_66)","line":795,"loc":{"start":{"line":795,"column":15},"end":{"line":795,"column":30}}},"67":{"name":"(anonymous_67)","line":797,"loc":{"start":{"line":797,"column":15},"end":{"line":797,"column":26}}},"68":{"name":"(anonymous_68)","line":826,"loc":{"start":{"line":826,"column":23},"end":{"line":826,"column":34}}},"69":{"name":"(anonymous_69)","line":832,"loc":{"start":{"line":832,"column":14},"end":{"line":832,"column":25}}},"70":{"name":"(anonymous_70)","line":898,"loc":{"start":{"line":898,"column":34},"end":{"line":898,"column":50}}},"71":{"name":"(anonymous_71)","line":955,"loc":{"start":{"line":955,"column":16},"end":{"line":955,"column":37}}},"72":{"name":"(anonymous_72)","line":961,"loc":{"start":{"line":961,"column":15},"end":{"line":961,"column":36}}},"73":{"name":"(anonymous_73)","line":970,"loc":{"start":{"line":970,"column":23},"end":{"line":970,"column":34}}},"74":{"name":"(anonymous_74)","line":975,"loc":{"start":{"line":975,"column":14},"end":{"line":975,"column":25}}},"75":{"name":"(anonymous_75)","line":987,"loc":{"start":{"line":987,"column":33},"end":{"line":987,"column":48}}},"76":{"name":"(anonymous_76)","line":997,"loc":{"start":{"line":997,"column":16},"end":{"line":997,"column":31}}},"77":{"name":"(anonymous_77)","line":1003,"loc":{"start":{"line":1003,"column":17},"end":{"line":1003,"column":31}}},"78":{"name":"(anonymous_78)","line":1010,"loc":{"start":{"line":1010,"column":23},"end":{"line":1010,"column":34}}},"79":{"name":"(anonymous_79)","line":1015,"loc":{"start":{"line":1015,"column":14},"end":{"line":1015,"column":25}}},"80":{"name":"(anonymous_80)","line":1030,"loc":{"start":{"line":1030,"column":33},"end":{"line":1030,"column":47}}},"81":{"name":"(anonymous_81)","line":1046,"loc":{"start":{"line":1046,"column":16},"end":{"line":1046,"column":30}}},"82":{"name":"(anonymous_82)","line":1053,"loc":{"start":{"line":1053,"column":14},"end":{"line":1053,"column":25}}},"83":{"name":"(anonymous_83)","line":1056,"loc":{"start":{"line":1056,"column":34},"end":{"line":1056,"column":48}}},"84":{"name":"(anonymous_84)","line":1066,"loc":{"start":{"line":1066,"column":74},"end":{"line":1066,"column":90}}},"85":{"name":"(anonymous_85)","line":1067,"loc":{"start":{"line":1067,"column":41},"end":{"line":1067,"column":55}}}},"statementMap":{"1":{"start":{"line":24,"column":0},"end":{"line":1099,"column":14}},"2":{"start":{"line":24,"column":19},"end":{"line":24,"column":321}},"3":{"start":{"line":24,"column":35},"end":{"line":24,"column":301}},"4":{"start":{"line":24,"column":45},"end":{"line":24,"column":187}},"5":{"start":{"line":24,"column":55},"end":{"line":24,"column":97}},"6":{"start":{"line":24,"column":97},"end":{"line":24,"column":121}},"7":{"start":{"line":24,"column":106},"end":{"line":24,"column":121}},"8":{"start":{"line":24,"column":121},"end":{"line":24,"column":141}},"9":{"start":{"line":24,"column":126},"end":{"line":24,"column":141}},"10":{"start":{"line":24,"column":141},"end":{"line":24,"column":186}},"11":{"start":{"line":24,"column":187},"end":{"line":24,"column":211}},"12":{"start":{"line":24,"column":211},"end":{"line":24,"column":300}},"13":{"start":{"line":24,"column":246},"end":{"line":24,"column":263}},"14":{"start":{"line":24,"column":263},"end":{"line":24,"column":278}},"15":{"start":{"line":24,"column":301},"end":{"line":24,"column":320}},"16":{"start":{"line":24,"column":321},"end":{"line":24,"column":363}},"17":{"start":{"line":24,"column":363},"end":{"line":24,"column":398}},"18":{"start":{"line":24,"column":390},"end":{"line":24,"column":398}},"19":{"start":{"line":24,"column":398},"end":{"line":24,"column":406}},"20":{"start":{"line":25,"column":0},"end":{"line":41,"column":94}},"21":{"start":{"line":26,"column":0},"end":{"line":34,"column":1}},"22":{"start":{"line":27,"column":2},"end":{"line":28,"column":50}},"23":{"start":{"line":29,"column":2},"end":{"line":33,"column":4}},"24":{"start":{"line":36,"column":0},"end":{"line":40,"column":1}},"25":{"start":{"line":37,"column":2},"end":{"line":37,"column":34}},"26":{"start":{"line":39,"column":2},"end":{"line":39,"column":23}},"27":{"start":{"line":43,"column":0},"end":{"line":44,"column":70}},"28":{"start":{"line":46,"column":0},"end":{"line":148,"column":2}},"29":{"start":{"line":47,"column":2},"end":{"line":147,"column":4}},"30":{"start":{"line":49,"column":6},"end":{"line":49,"column":34}},"31":{"start":{"line":53,"column":6},"end":{"line":54,"column":18}},"32":{"start":{"line":55,"column":6},"end":{"line":62,"column":7}},"33":{"start":{"line":56,"column":8},"end":{"line":56,"column":31}},"34":{"start":{"line":57,"column":8},"end":{"line":61,"column":9}},"35":{"start":{"line":58,"column":10},"end":{"line":60,"column":11}},"36":{"start":{"line":59,"column":12},"end":{"line":59,"column":39}},"37":{"start":{"line":63,"column":6},"end":{"line":63,"column":18}},"38":{"start":{"line":67,"column":6},"end":{"line":67,"column":19}},"39":{"start":{"line":68,"column":6},"end":{"line":72,"column":7}},"40":{"start":{"line":69,"column":8},"end":{"line":71,"column":9}},"41":{"start":{"line":70,"column":10},"end":{"line":70,"column":33}},"42":{"start":{"line":73,"column":6},"end":{"line":73,"column":17}},"43":{"start":{"line":77,"column":6},"end":{"line":77,"column":19}},"44":{"start":{"line":78,"column":6},"end":{"line":83,"column":7}},"45":{"start":{"line":79,"column":8},"end":{"line":82,"column":9}},"46":{"start":{"line":80,"column":10},"end":{"line":80,"column":41}},"47":{"start":{"line":80,"column":30},"end":{"line":80,"column":41}},"48":{"start":{"line":81,"column":10},"end":{"line":81,"column":30}},"49":{"start":{"line":84,"column":6},"end":{"line":84,"column":24}}
[...]
:160,"type":"if","locations":[{"start":{"line":160,"column":12},"end":{"line":160,"column":12}},{"start":{"line":160,"column":12},"end":{"line":160,"column":12}}]},"33":{"line":168,"type":"if","locations":[{"start":{"line":168,"column":12},"end":{"line":168,"column":12}},{"start":{"line":168,"column":12},"end":{"line":168,"column":12}}]},"34":{"line":176,"type":"if","locations":[{"start":{"line":176,"column":10},"end":{"line":176,"column":10}},{"start":{"line":176,"column":10},"end":{"line":176,"column":10}}]},"35":{"line":177,"type":"if","locations":[{"start":{"line":177,"column":12},"end":{"line":177,"column":12}},{"start":{"line":177,"column":12},"end":{"line":177,"column":12}}]},"36":{"line":183,"type":"if","locations":[{"start":{"line":183,"column":10},"end":{"line":183,"column":10}},{"start":{"line":183,"column":10},"end":{"line":183,"column":10}}]},"37":{"line":184,"type":"if","locations":[{"start":{"line":184,"column":12},"end":{"line":184,"column":12}},{"start":{"line":184,"column":12},"end":{"line":184,"column":12}}]},"38":{"line":192,"type":"if","locations":[{"start":{"line":192,"column":10},"end":{"line":192,"column":10}},{"start":{"line":192,"column":10},"end":{"line":192,"column":10}}]},"39":{"line":194,"type":"if","locations":[{"start":{"line":194,"column":12},"end":{"line":194,"column":12}},{"start":{"line":194,"column":12},"end":{"line":194,"column":12}}]},"40":{"line":202,"type":"cond-expr","locations":[{"start":{"line":202,"column":59},"end":{"line":202,"column":112}},{"start":{"line":202,"column":115},"end":{"line":202,"column":124}}]},"41":{"line":205,"type":"if","locations":[{"start":{"line":205,"column":12},"end":{"line":205,"column":12}},{"start":{"line":205,"column":12},"end":{"line":205,"column":12}}]},"42":{"line":213,"type":"cond-expr","locations":[{"start":{"line":213,"column":68},"end":{"line":213,"column":121}},{"start":{"line":213,"column":124},"end":{"line":213,"column":133}}]},"43":{"line":241,"type":"binary-expr","locations":[{"start":{"line":241,"column":18},"end":{"line":241,"column":35}},{"start":{"line":241,"column":39},"end":{"line":241,"column":62}}]},"44":{"line":247,"type":"binary-expr","locations":[{"start":{"line":247,"column":20},"end":{"line":247,"column":31}},{"start":{"line":247,"column":35},"end":{"line":247,"column":37}}]},"45":{"line":251,"type":"if","locations":[{"start":{"line":251,"column":10},"end":{"line":251,"column":10}},{"start":{"line":251,"column":10},"end":{"line":251,"column":10}}]},"46":{"line":257,"type":"binary-expr","locations":[{"start":{"line":257,"column":65},"end":{"line":257,"column":87}},{"start":{"line":257,"column":92},"end":{"line":257,"column":100}}]},"47":{"line":257,"type":"binary-expr","locations":[{"start":{"line":257,"column":133},"end":{"line":257,"column":142}},{"start":{"line":257,"column":146},"end":{"line":257,"column":154}}]},"48":{"line":258,"type":"cond-expr","locations":[{"start":{"line":258,"column":35},"end":{"line":258,"column":48}},{"start":{"line":258,"column":51},"end":{"line":258,"column":99}}]},"49":{"line":258,"type":"cond-expr","locations":[{"start":{"line":258,"column":114},"end":{"line":258,"column":159}},{"start":{"line":258,"column":162},"end":{"line":258,"column":171}}]},"50":{"line":268,"type":"if","locations":[{"start":{"line":268,"column":8},"end":{"line":268,"column":8}},{"start":{"line":268,"column":8},"end":{"line":268,"column":8}}]},"51":{"line":281,"type":"binary-expr","locations":[{"start":{"line":281,"column":18},"end":{"line":281,"column":35}},{"start":{"line":281,"column":39},"end":{"line":281,"column":61}}]},"52":{"line":287,"type":"binary-expr","locations":[{"start":{"line":287,"column":19},"end":{"line":287,"column":29}},{"start":{"line":287,"column":33},"end":{"line":287,"column":35}}]},"53":{"line":288,"type":"binary-expr","locations":[{"start":{"line":288,"column":19},"end":{"line":288,"column":29}},{"start":{"line":288,"column":33},"end":{"line":288,"column":55}}]},"54":{"line":289,"type":"binary-expr","locations":[{"start":{"line":289,"column":23},"end":{"line":289,"column":37}},{"start":{"line":289,"column":41},"end":{"line":289,"column":66}}]},"55":{"line":293,"type":"if","locations":[{"start":{"line":293,"column":10},"end":{"line":293,"column":10}},{"start":{"line":293,"column":10},"end":{"line":293,"column":10}}]},"56":{"line":300,"type":"binary-expr","locations":[{"start":{"line":300,"column":65},"end":{"line":300,"column":86}},{"start":{"line":300,"column":91},"end":{"line":300,"column":99}}]},"57":{"line":301,"type":"cond-expr","locations":[{"start":{"line":301,"column":84},"end":{"line":301,"column":128}},{"start":{"line":301,"column":131},"end":{"line":301,"column":140}}]},"58":{"line":328,"type":"if","locations":[{"start":{"line":328,"column":10},"end":{"line":328,"column":10}},{"start":{"line":328,"column":10},"end":{"line":328,"column":10}}]},"59":{"line":339,"type":"if","locations":[{"start":{"line":339,"column":16},"end":{"line":339,"column":16}},{"start":{"line":339,"column":16},"end":{"line":339,"column":16}}]},"60":{"line":343,"type":"if","locations":[{"start":{"line":343,"column":16},"end":{"line":343,"column":16}},{"start":{"line":343,"column":16},"end":{"line":343,"column":16}}]},"61":{"line":346,"type":"if","locations":[{"start":{"line":346,"column":16},"end":{"line":346,"column":16}},{"start":{"line":346,"column":16},"end":{"line":346,"column":16}}]},"62":{"line":351,"type":"binary-expr","locations":[{"start":{"line":351,"column":30},"end":{"line":351,"column":48}},{"start":{"line":351,"column":52},"end":{"line":351,"column":88}}]}},"code":["module.exports = function(React, common) {","  var exports = {","    totalPageRetriever: function() {","      return this.props.totalPages;","    },","","    valueRetriever: function(column, entry) {","      if (entry.get) {","        return entry.get(column.key);","      }","      return entry[column.key];","    },","","    keyRetriever: function(entry) {","      return entry.id || entry.key;","    },","","    entriesRetriever: function(entries) {","      if (entries.models) {","        return entries.models;","      }","      return entries;","    }","  };","  ","  var classData = {","","    Loader: {","      render: function() {","        var props = this.props,","            loading = this.state && this.state.loading || props.loading;","","        if (this.props.loading || this.state && this.state.loading) {","          var className = common.mergeClassNames('ui', 'segment', props.className);","              loadingClass = common.mergeClassNames('ui active', props.type || 'inverted dimmer');","          return React.DOM.div({className: className},","                  React.DOM.div({className: loadingClass},","                    React.DOM.div({className: 'ui loader' + (props.label ? ' text' : '')}, props.label)),","                  this.props.children);","        } else {","          return React.DOM.div({className: props.className}, this.props.children);","        }","      }","    },","","","    Steps: {","      getInitialState: function() {","        return {","          active: this.props.active || this.props.steps[0].key","        };","      },","      render: function() {","        var self = this,","            props = this.props,","            className = common.mergeClassNames('ui steps', props.type, props.className),","            activeStep = this.state.active,","            children = props.steps.map(function(step) {","              var className = common.mergeClassNames('ui step', step.key === activeStep ? 'active' : undefined, step.disabled ? 'disabled' : undefined);","              return React.DOM.div({className: className, onClick: self.clicker(step)}, step.label);","            });","        return React.DOM.div({className: className}, children);","      },","      clicker: function(step) {","        var self = this;","        return function() {","          if (!step.disabled) {","            var rtn = self.props.onChange && self.props.onChange(step);","            if (rtn === undefined || rtn) {","              self.setState({active: step.key});","            }","          }","        };","      }","    },","","","    /*** Paginator","     * A paginator component.","     *","     * Properties","     * ----------","     * - ***totalPages***: the number of total pages","     * - ***className***: additional top level class name","     * - ***page***: (default: 1) the current page number (1-based)","     * - ***radius***: (default: 1) the number of page links (moving out from current page) to show","     * - ***anchor***: (default: 1) the number of page links (moving out from each end) to show","     * - ***onChange***: called when the user clicked a page number","     *","     * Example","     * ---------","     *     <Paginator page={2} totalPages={12} onChange={funtion(pageNumber) {...}}/>","     ***/","    Paginator: {","      getInitialState: function() {","        return {","          page: this.props.page || 1","        };","      },","","      render: function() {","        var totalPages = exports.totalPageRetriever.call(this);","        if (totalPages && totalPages > 1) {","          var current = this.state.page,","              radius = this.props.radius || 0,","              anchor = this.props.anchor || 1,","              separator = this.props.separator || '...',","              min = Math.max(current - radius, 1),","              max = Math.min(current + radius, totalPages),","              showArrows = this.props.showArrows === undefined ? true : this.props.showArrows,","              totalShowing = (radius * 2) + (anchor * 2) + 3 /* current + separator */,","              showRightSeparator = (totalPages > current + radius + anchor),","              showLeftSeparator = (current  > (anchor + Math.max(1, radius))),","              compact = this.props.compact,","              index = {},","              children = [];","          if (compact) {","            showArrows = false;","          }","","          if (showLeftSeparator) {","            totalShowing--;","          }","          if (showRightSeparator) {","            totalShowing--;","          }","","          var i;","          // starting anchor","          for (i=1; i<=anchor && i<=totalPages; i++) {","            children.push(i);","            index[i] = children.length;","          }","","          // radius","          for (i=min; i<=max; i++) {","            if (!index[i]) {","              children.push(i);","              index[i] = children.length;","            }","          }","","          // upper anchor","          for (i=Math.max(totalPages-anchor+1, current+1); i<=totalPages; i++) {","            if (!index[i]) {","              children.push(i);","              index[i] = children.length;","            }","          }","","          // always keep the same number of indicators showing - start down from middle","          for (i=current; i > 0 && children.length < totalShowing; i--) {","            if (typeof index[i] === 'undefined') {","              _idx = index[i+1]-1;","              children.splice(_idx, 0, i);","              index[i] = _idx+1;","            }","          }","          for (i=current; children.length < totalShowing && children.length < totalPages; i++) {","            if (!index[i]) {","              children.splice(i-1, 0, i);","            }","          }","","          // map the children to components","          var self = this;","          children = children.map(function(child) {","            if (child === current) {","              return React.DOM.div({className: 'active item'}, child);","            } else {","              return React.DOM.a({className: 'item', href: '#' + child, onClick: common.eventBinder(child, 'onChange', self, true)}, child);","            }","          });","","          // separators","          if (showLeftSeparator) {","            if (compact) {","              children.splice(anchor, 0, React.DOM.a({className: 'icon item'}, React.DOM.i({className: 'left arrow icon', onClick: common.eventBinder(current-1, 'onChange', self, true)})));","            } else {","              children.splice(anchor, 0, React.DOM.div({className: 'disabled item'}, separator));","            }","          }","          if (showRightSeparator) {","            if (compact) {","              children.splice(children.length-anchor, 0, React.DOM.a({className: 'icon item'}, React.DOM.i({className: 'right arrow icon', onClick: common.eventBinder(current+1, 'onChange', self, true)})));","            } else {","              children.splice(children.length-anchor, 0, React.DOM.div({className: 'disabled item'}, separator));","            }","          }","","          // arrows","          if (showArrows) {","            var nodeName, className;","            if (current === 1) {","              nodeName = 'div';","              className = 'icon disabled item';","            } else {","              nodeName = 'a';","              className = 'icon item';","            }","            children.splice(0, 0, React.DOM[nodeName]({","              className: className, onClick: current > 1 ? common.eventBinder(current-1, 'onChange', self, true) : undefined","            }, React.DOM.i({className: 'left arrow icon'})));","","            if (current === totalPages) {","              nodeName = 'div';","              className = 'icon disabled item';","            } else {","              nodeName = 'a';","              className = 'icon item';","            }","            children.splice(children.length, 0, React.DOM[nodeName]({","              className: className, onClick: current < totalPages ? common.eventBinder(current+1, 'onChange', self, true) : undefined","            }, React.DOM.i({className: 'right arrow icon'})));","          }","","          return React.DOM.div({className: 'ui pagination menu'}, children);","","        } else {","          return React.DOM.div();","        }","      },","","      onChange: function(pageNumber) {","        this.setState({","          page: pageNumber","        });","      },","","      setPage: function(pageNumber) {","        this.setState({","          page: pageNumber","        });","      }","    },","","","    Menu: {","      getInitialState: function() {","        return {","          active: this.props.active || this.props.items[0].key","        };","      },","      render: function() {","        var self = this,","            props = this.props,","            items = props.items || [],","            activeKey = this.state.active,","            active;","        for (var i=0; i<items; i++) {","          if (activeKey === items[i].key) {","            active = items[i];","            break;","          }","        }","        var children = items.map(function(item) {","          return React.DOM.a({className: common.mergeClassNames((item.key === activeKey) && 'active', 'item', item.className), href: item.href || item.key,","              onClick: item.href ? props.onClick : common.eventBinder(item, 'onChange', self, true)}, item.icon ? React.DOM.i({className: item.icon + ' icon'}) : undefined, item.label);","        });","","        return React.DOM.div({className: common.mergeClassNames('ui menu', props.className)},","          children,","          props.children","        );","      },","      onChange: function(item) {","        this.setState({active: item.key});","        if (item.activate) {","          item.activate();","        }","      },","      setActive: function(key) {","        this.setState({active: key});","      }","    },","","","    Tabs: {","      getInitialState: function() {","        return {","          active: this.props.active || this.props.tabs[0].key","        };","      },","      render: function() {","        var self = this,","            props = this.props,","            tabs = props.tabs || [],","            type = props.type || 'top attached tabular',","            bodyType = props.bodyType || 'bottom attached segment',","            activeKey = this.state.active,","            active;","        for (var i=0; i<props.tabs.length; i++) {","          if (activeKey === props.tabs[i].key) {","            active = props.tabs[i];","            break;","          }","        }","","        var tabLabels = tabs.map(function(tab) {","          return React.DOM.a({className: common.mergeClassNames((tab.key === activeKey) && 'active', 'item', tab.className), href: tab.key,","              onClick: common.eventBinder(tab, 'onChange', self, true)}, tab.icon ? React.DOM.i({className: tab.icon + ' icon'}) : undefined, tab.label);","        });","        var pageComponent = active.page();","","        return React.DOM.div({className: props.className},","          React.DOM.div({className: 'ui ' + type + ' menu'},","            tabLabels","          ),","          React.DOM.div({className: 'ui ' + bodyType},","            pageComponent","          )","        );","      },","","      onChange: function(tab) {","        this.setState({active: tab.key});","      }","    },","","","    Table: {","      render: function() {","        var self = this,","            props = this.props;","        var cols = props.cols.map(function(col) {","          var label = common.result(col.label),","              className = col.colClass;","          if (typeof className === 'function') {","            className = className.call(self, value, col);","          }","          return React.DOM.th({className: className}, label);","        });","","        var index = 0,","            rows = exports.entriesRetriever.call(this, props.entries).map(function(entry) {","              var cells = props.cols.map(function(col) {","                var value = exports.valueRetriever.call(this, col, entry),","                    cellClassName = col.cellClassName;","                if (typeof cellClassName === 'function') {","                  cellClassName = cellClassName.call(self, value, col);","                }","                index++;","                if (col.formatter) {","                  value = col.formatter.call(this, value, entry, index, col);","                }","                if (col.factory) {","                  value = col.factory.call(this, value, entry, index, col);","                }","                return React.DOM.td({className: cellClassName, key: col.key}, value);","              });","              var className = props.rowClassName && props.rowClassName.call(this, entry);","              return React.DOM.tr({className: className, key: exports.keyRetriever(entry)}, cells);","            });","","        return React.DOM.table({className: common.mergeClassNames('ui table', props.className)},","          React.DOM.thead(undefined, cols),","          React.DOM.tbody(undefined, rows)","        );","      }","    }","  };","","  common.init(exports, classData);","","  return exports;","};",""],"l":{"1":1,"2":0,"4":0,"8":0,"9":0,"11":0,"15":0,"19":0,"20":0,"22":0,"26":0,"30":0,"33":0,"34":0,"35":0,"36":0,"41":0,"49":0,"54":0,"59":0,"60":0,"62":0,"65":0,"66":0,"67":0,"68":0,"69":0,"70":0,"96":0,"102":0,"103":0,"104":0,"117":0,"118":0,"121":0,"122":0,"124":0,"125":0,"128":0,"130":0,"131":0,"132":0,"136":0,"137":0,"138":0,"139":0,"144":0,"145":0,"146":0,"147":0,"152":0,"153":0,"154":0,"155":0,"156":0,"159":0,"160":0,"161":0,"166":0,"167":0,"168":0,"169":0,"171":0,"176":0,"177":0,"178":0,"180":0,"183":0,"184":0,"185":0,"187":0,"192":0,"193":0,"194":0,"195":0,"196":0,"198":0,"199":0,"201":0,"205":0,"206":0,"207":0,"209":0,"210":0,"212":0,"217":0,"220":0,"225":0,"231":0,"240":0,"245":0,"250":0,"251":0,"252":0,"253":0,"256":0,"257":0,"261":0,"267":0,"268":0,"269":0,"273":0,"280":0,"285":0,"292":0,"293":0,"294":0,"295":0,"299":0,"300":0,"303":0,"305":0,"316":0,"323":0,"325":0,"326":0,"328":0,"329":0,"331":0,"334":0,"336":0,"337":0,"339":0,"340":0,"342":0,"343":0,"344":0,"346":0,"347":0,"349":0,"351":0,"352":0,"355":0,"363":0,"365":0}}}